2025-01-02 17:18:36.844 [info] Reading sessions from keychain...
2025-01-02 17:18:36.844 [info] Getting sessions for all scopes...
2025-01-02 17:18:36.844 [info] Getting sessions for all scopes...
2025-01-02 17:18:36.844 [info] Getting sessions for all scopes...
2025-01-02 17:18:36.844 [info] Getting sessions for all scopes...
2025-01-02 17:18:36.844 [info] Getting sessions for all scopes...
2025-01-02 17:18:36.844 [info] Getting sessions for all scopes...
2025-01-02 17:18:36.844 [info] Getting sessions for all scopes...
2025-01-02 17:18:36.844 [info] Got 0 sessions for ...
2025-01-02 17:18:36.844 [info] Got 0 sessions for ...
2025-01-02 17:18:36.844 [info] Got 0 sessions for ...
2025-01-02 17:18:36.844 [info] Got 0 sessions for ...
2025-01-02 17:18:36.844 [info] Got 0 sessions for ...
2025-01-02 17:18:36.844 [info] Got 0 sessions for ...
2025-01-02 17:18:36.844 [info] Got 0 sessions for ...
2025-01-02 17:18:36.905 [info] Getting sessions for all scopes...
2025-01-02 17:18:36.905 [info] Got 0 sessions for ...
2025-01-02 17:18:37.364 [info] Getting sessions for user:email...
2025-01-02 17:18:37.365 [info] Got 0 sessions for user:email...
2025-01-02 17:18:40.228 [info] Getting sessions for all scopes...
2025-01-02 17:18:40.228 [info] Got 0 sessions for ...
2025-01-02 17:18:40.463 [info] Getting sessions for read:user,repo,user:email,workflow...
2025-01-02 17:18:40.464 [info] Got 0 sessions for read:user,repo,user:email,workflow...
2025-01-02 17:18:40.464 [info] Getting sessions for all scopes...
2025-01-02 17:18:40.464 [info] Got 0 sessions for ...
2025-01-02 17:18:40.464 [info] Getting sessions for all scopes...
2025-01-02 17:18:40.464 [info] Got 0 sessions for ...
2025-01-02 17:18:40.479 [info] Getting sessions for project,read:org,read:user,repo,user:email,workflow...
2025-01-02 17:18:40.479 [info] Got 0 sessions for project,read:org,read:user,repo,user:email,workflow...
2025-01-02 17:18:40.516 [info] Getting sessions for read:user...
2025-01-02 17:18:40.516 [info] Got 0 sessions for read:user...
2025-01-02 17:18:40.516 [info] Getting sessions for user:email...
2025-01-02 17:18:40.516 [info] Got 0 sessions for user:email...
2025-01-02 17:18:40.582 [info] Getting sessions for read:user,repo,user:email,workflow...
2025-01-02 17:18:40.582 [info] Got 0 sessions for read:user,repo,user:email,workflow...
2025-01-02 17:18:40.671 [info] Getting sessions for read:user,repo,user:email,workflow...
2025-01-02 17:18:40.671 [info] Got 0 sessions for read:user,repo,user:email,workflow...
2025-01-02 17:18:40.772 [info] Getting sessions for user:email...
2025-01-02 17:18:40.772 [info] Got 0 sessions for user:email...
2025-01-02 17:18:40.772 [info] Getting sessions for all scopes...
2025-01-02 17:18:40.772 [info] Got 0 sessions for ...
2025-01-02 17:18:40.773 [info] Getting sessions for read:user,repo,user:email,workflow...
2025-01-02 17:18:40.773 [info] Got 0 sessions for read:user,repo,user:email,workflow...
2025-01-02 17:18:40.822 [info] Getting sessions for all scopes...
2025-01-02 17:18:40.822 [info] Got 0 sessions for ...
2025-01-02 17:18:40.874 [info] Getting sessions for read:user,repo,user:email...
2025-01-02 17:18:40.874 [info] Got 0 sessions for read:user,repo,user:email...
2025-01-02 17:18:40.924 [info] Getting sessions for read:user,repo,user:email,workflow...
2025-01-02 17:18:40.924 [info] Got 0 sessions for read:user,repo,user:email,workflow...
2025-01-02 17:18:40.925 [info] Getting sessions for user:email...
2025-01-02 17:18:40.925 [info] Got 0 sessions for user:email...
2025-01-02 17:18:40.944 [info] Getting sessions for read:user,repo,user:email,workflow...
2025-01-02 17:18:40.944 [info] Got 0 sessions for read:user,repo,user:email,workflow...
2025-01-02 17:18:40.971 [info] Getting sessions for read:user...
2025-01-02 17:18:40.971 [info] Got 0 sessions for read:user...
2025-01-02 17:18:42.563 [info] Getting sessions for all scopes...
2025-01-02 17:18:42.564 [info] Got 0 sessions for ...
2025-01-02 17:18:42.564 [info] Getting sessions for all scopes...
2025-01-02 17:18:42.564 [info] Got 0 sessions for ...
2025-01-02 17:18:42.944 [info] Logging in with 'any' account...
2025-01-02 17:18:42.944 [info] Logging in for the following scopes: user:email
2025-01-02 17:18:43.025 [info] Getting sessions for user:email...
2025-01-02 17:18:43.025 [info] Got 0 sessions for user:email...
2025-01-02 17:18:43.027 [info] Trying without local server... (user:email)
2025-01-02 17:18:43.027 [info] Getting sessions for read:user,repo,user:email,workflow...
2025-01-02 17:18:43.027 [info] Got 0 sessions for read:user,repo,user:email,workflow...
2025-01-02 17:18:43.028 [info] Getting sessions for user:email...
2025-01-02 17:18:43.028 [info] Got 0 sessions for user:email...
2025-01-02 17:18:43.139 [info] Getting sessions for all scopes...
2025-01-02 17:18:43.139 [info] Got 0 sessions for ...
2025-01-02 17:18:43.513 [info] Getting sessions for user:email...
2025-01-02 17:18:43.513 [info] Got 0 sessions for user:email...
2025-01-02 17:18:43.526 [info] Getting sessions for all scopes...
2025-01-02 17:18:43.526 [info] Got 0 sessions for ...
2025-01-02 17:18:43.579 [info] Getting sessions for user:email...
2025-01-02 17:18:43.579 [info] Got 0 sessions for user:email...
2025-01-02 17:18:43.651 [info] Getting sessions for read:user,repo,user:email,workflow...
2025-01-02 17:18:43.651 [info] Got 0 sessions for read:user,repo,user:email,workflow...
2025-01-02 17:18:50.965 [info] Exchanging code for token...
2025-01-02 17:18:51.441 [info] Token exchange success!
2025-01-02 17:18:51.442 [info] Getting user info...
2025-01-02 17:18:51.850 [info] Got account info!
2025-01-02 17:18:51.850 [info] Storing 1 sessions...
2025-01-02 17:18:51.854 [info] Reading sessions from keychain...
2025-01-02 17:18:51.854 [info] Stored 1 sessions!
2025-01-02 17:18:51.854 [info] Login success!
2025-01-02 17:18:51.866 [info] Got stored sessions!
2025-01-02 17:18:51.866 [info] Got 1 verified sessions.
2025-01-02 17:18:51.866 [info] Getting sessions for all scopes...
2025-01-02 17:18:51.866 [info] Got 1 sessions for ...
2025-01-02 17:18:51.868 [info] Getting sessions for user:email...
2025-01-02 17:18:51.868 [info] Got 1 sessions for user:email...
2025-01-02 17:18:51.868 [info] Getting sessions for user:email...
2025-01-02 17:18:51.868 [info] Got 1 sessions for user:email...
2025-01-02 17:18:51.883 [info] Getting sessions for all scopes...
2025-01-02 17:18:51.883 [info] Got 1 sessions for ...
2025-01-02 17:18:51.884 [info] Getting sessions for all scopes...
2025-01-02 17:18:51.884 [info] Got 1 sessions for ...
2025-01-02 17:18:51.884 [info] Getting sessions for project,read:org,read:user,repo,user:email,workflow...
2025-01-02 17:18:51.884 [info] Got 0 sessions for project,read:org,read:user,repo,user:email,workflow...
2025-01-02 17:18:51.884 [info] Getting sessions for read:user,repo,user:email,workflow...
2025-01-02 17:18:51.884 [info] Got 0 sessions for read:user,repo,user:email,workflow...
2025-01-02 17:18:51.885 [info] Getting sessions for read:user,repo,user:email,workflow...
2025-01-02 17:18:51.886 [info] Got 0 sessions for read:user,repo,user:email,workflow...
2025-01-02 17:18:51.886 [info] Getting sessions for read:user,repo,user:email,workflow...
2025-01-02 17:18:51.886 [info] Got 0 sessions for read:user,repo,user:email,workflow...
2025-01-02 17:18:51.889 [info] Getting sessions for read:user,repo,user:email,workflow...
2025-01-02 17:18:51.889 [info] Got 0 sessions for read:user,repo,user:email,workflow...
2025-01-02 17:18:51.889 [info] Getting sessions for read:user,repo,user:email,workflow...
2025-01-02 17:18:51.889 [info] Got 0 sessions for read:user,repo,user:email,workflow...
2025-01-02 17:18:51.889 [info] Getting sessions for read:user...
2025-01-02 17:18:51.889 [info] Got 0 sessions for read:user...
2025-01-02 17:18:51.890 [info] Getting sessions for user:email...
2025-01-02 17:18:51.890 [info] Got 1 sessions for user:email...
2025-01-02 17:18:51.890 [info] Getting sessions for read:user,repo,user:email...
2025-01-02 17:18:51.891 [info] Got 0 sessions for read:user,repo,user:email...
2025-01-02 17:18:51.891 [info] Getting sessions for user:email...
2025-01-02 17:18:51.891 [info] Got 1 sessions for user:email...
2025-01-02 17:18:51.927 [info] Getting sessions for all scopes...
2025-01-02 17:18:51.927 [info] Got 1 sessions for ...
2025-01-02 17:18:51.928 [info] Getting sessions for read:user,repo,user:email,workflow...
2025-01-02 17:18:51.928 [info] Got 0 sessions for read:user,repo,user:email,workflow...
2025-01-02 17:18:51.929 [info] Getting sessions for read:user,repo,user:email,workflow...
2025-01-02 17:18:51.929 [info] Got 0 sessions for read:user,repo,user:email,workflow...
2025-01-02 17:18:51.929 [info] Getting sessions for project,read:org,read:user,repo,user:email,workflow...
2025-01-02 17:18:51.929 [info] Got 0 sessions for project,read:org,read:user,repo,user:email,workflow...
2025-01-02 17:18:51.930 [info] Getting sessions for user:email...
2025-01-02 17:18:51.930 [info] Got 1 sessions for user:email...
2025-01-02 17:18:51.930 [info] Getting sessions for read:user,repo,user:email,workflow...
2025-01-02 17:18:51.930 [info] Got 0 sessions for read:user,repo,user:email,workflow...
2025-01-02 17:18:51.931 [info] Getting sessions for all scopes...
2025-01-02 17:18:51.931 [info] Got 1 sessions for ...
2025-01-02 17:18:51.931 [info] Getting sessions for read:user,repo,user:email...
2025-01-02 17:18:51.931 [info] Got 0 sessions for read:user,repo,user:email...
2025-01-02 17:18:51.932 [info] Getting sessions for read:user,repo,user:email,workflow...
2025-01-02 17:18:51.932 [info] Got 0 sessions for read:user,repo,user:email,workflow...
2025-01-02 17:18:51.932 [info] Getting sessions for read:user,repo,user:email,workflow...
2025-01-02 17:18:51.932 [info] Got 0 sessions for read:user,repo,user:email,workflow...
2025-01-02 17:18:51.956 [info] Getting sessions for user:email...
2025-01-02 17:18:51.956 [info] Got 1 sessions for user:email...
2025-01-02 17:18:52.851 [info] Getting sessions for all scopes...
2025-01-02 17:18:52.851 [info] Got 1 sessions for ...
2025-01-02 17:18:52.852 [info] Getting sessions for all scopes...
2025-01-02 17:18:52.852 [info] Got 1 sessions for ...
2025-01-02 17:18:52.903 [info] Getting sessions for read:user,repo,user:email,workflow...
2025-01-02 17:18:52.903 [info] Got 0 sessions for read:user,repo,user:email,workflow...
2025-01-02 17:18:52.906 [info] Getting sessions for user:email...
2025-01-02 17:18:52.906 [info] Got 1 sessions for user:email...
2025-01-02 17:18:52.907 [info] Getting sessions for all scopes...
2025-01-02 17:18:52.907 [info] Got 1 sessions for ...
2025-01-02 17:18:52.909 [info] Getting sessions for read:user,repo,user:email,workflow...
2025-01-02 17:18:52.909 [info] Got 0 sessions for read:user,repo,user:email,workflow...
2025-01-02 17:18:52.911 [info] Getting sessions for user:email...
2025-01-02 17:18:52.911 [info] Got 1 sessions for user:email...
2025-01-02 17:18:53.007 [info] Getting sessions for all scopes...
2025-01-02 17:18:53.007 [info] Got 1 sessions for ...
2025-01-02 17:18:53.020 [info] Getting sessions for read:user,repo,user:email,workflow...
2025-01-02 17:18:53.020 [info] Got 0 sessions for read:user,repo,user:email,workflow...
2025-01-02 17:18:53.022 [info] Getting sessions for user:email...
2025-01-02 17:18:53.022 [info] Got 1 sessions for user:email...
2025-01-02 17:18:53.026 [info] Getting sessions for all scopes...
2025-01-02 17:18:53.026 [info] Got 1 sessions for ...
2025-01-02 17:18:53.027 [info] Getting sessions for read:user,repo,user:email,workflow...
2025-01-02 17:18:53.027 [info] Got 0 sessions for read:user,repo,user:email,workflow...
2025-01-02 17:18:53.028 [info] Getting sessions for user:email...
2025-01-02 17:18:53.028 [info] Got 1 sessions for user:email...
2025-01-02 17:18:53.335 [info] Getting sessions for all scopes...
2025-01-02 17:18:53.335 [info] Got 1 sessions for ...
2025-01-02 17:18:53.338 [info] Getting sessions for read:user,repo,user:email,workflow...
2025-01-02 17:18:53.338 [info] Got 0 sessions for read:user,repo,user:email,workflow...
2025-01-02 17:18:53.341 [info] Getting sessions for all scopes...
2025-01-02 17:18:53.341 [info] Got 1 sessions for ...
2025-01-02 17:18:53.344 [info] Getting sessions for read:user,repo,user:email,workflow...
2025-01-02 17:18:53.344 [info] Got 0 sessions for read:user,repo,user:email,workflow...
