2025-01-02 16:27:25.237 [info] Reading sessions from keychain...
2025-01-02 16:27:25.237 [info] Getting sessions for all scopes...
2025-01-02 16:27:25.237 [info] Getting sessions for all scopes...
2025-01-02 16:27:25.237 [info] Getting sessions for all scopes...
2025-01-02 16:27:25.237 [info] Getting sessions for all scopes...
2025-01-02 16:27:25.237 [info] Getting sessions for all scopes...
2025-01-02 16:27:25.237 [info] Getting sessions for all scopes...
2025-01-02 16:27:25.237 [info] Getting sessions for all scopes...
2025-01-02 16:27:25.237 [info] Got 0 sessions for ...
2025-01-02 16:27:25.237 [info] Got 0 sessions for ...
2025-01-02 16:27:25.237 [info] Got 0 sessions for ...
2025-01-02 16:27:25.237 [info] Got 0 sessions for ...
2025-01-02 16:27:25.237 [info] Got 0 sessions for ...
2025-01-02 16:27:25.237 [info] Got 0 sessions for ...
2025-01-02 16:27:25.237 [info] Got 0 sessions for ...
2025-01-02 16:27:25.237 [info] Getting sessions for user:email...
2025-01-02 16:27:25.237 [info] Got 0 sessions for user:email...
2025-01-02 16:27:27.655 [info] Getting sessions for all scopes...
2025-01-02 16:27:27.655 [info] Got 0 sessions for ...
2025-01-02 16:27:28.416 [info] Getting sessions for read:user,repo,user:email,workflow...
2025-01-02 16:27:28.416 [info] Got 0 sessions for read:user,repo,user:email,workflow...
2025-01-02 16:27:28.418 [info] Getting sessions for all scopes...
2025-01-02 16:27:28.418 [info] Got 0 sessions for ...
2025-01-02 16:27:28.418 [info] Getting sessions for all scopes...
2025-01-02 16:27:28.418 [info] Got 0 sessions for ...
2025-01-02 16:27:28.443 [info] Getting sessions for project,read:org,read:user,repo,user:email,workflow...
2025-01-02 16:27:28.443 [info] Got 0 sessions for project,read:org,read:user,repo,user:email,workflow...
2025-01-02 16:27:28.468 [info] Getting sessions for read:user...
2025-01-02 16:27:28.468 [info] Got 0 sessions for read:user...
2025-01-02 16:27:28.468 [info] Getting sessions for user:email...
2025-01-02 16:27:28.468 [info] Got 0 sessions for user:email...
2025-01-02 16:27:28.490 [info] Getting sessions for read:user,repo,user:email,workflow...
2025-01-02 16:27:28.491 [info] Got 0 sessions for read:user,repo,user:email,workflow...
2025-01-02 16:27:28.551 [info] Getting sessions for read:user,repo,user:email,workflow...
2025-01-02 16:27:28.551 [info] Got 0 sessions for read:user,repo,user:email,workflow...
2025-01-02 16:27:28.574 [info] Getting sessions for user:email...
2025-01-02 16:27:28.574 [info] Got 0 sessions for user:email...
2025-01-02 16:27:28.634 [info] Getting sessions for all scopes...
2025-01-02 16:27:28.634 [info] Got 0 sessions for ...
2025-01-02 16:27:28.836 [info] Getting sessions for read:user,repo,user:email...
2025-01-02 16:27:28.836 [info] Got 0 sessions for read:user,repo,user:email...
2025-01-02 16:27:28.846 [info] Getting sessions for read:user,repo,user:email,workflow...
2025-01-02 16:27:28.846 [info] Got 0 sessions for read:user,repo,user:email,workflow...
2025-01-02 16:27:28.846 [info] Getting sessions for user:email...
2025-01-02 16:27:28.846 [info] Got 0 sessions for user:email...
2025-01-02 16:27:30.700 [info] Getting sessions for read:user,repo,user:email,workflow...
2025-01-02 16:27:30.700 [info] Got 0 sessions for read:user,repo,user:email,workflow...
2025-01-02 16:27:30.725 [info] Getting sessions for read:user...
2025-01-02 16:27:30.725 [info] Got 0 sessions for read:user...
2025-01-02 16:27:30.726 [info] Getting sessions for all scopes...
2025-01-02 16:27:30.726 [info] Got 0 sessions for ...
2025-01-02 16:27:31.227 [info] Getting sessions for all scopes...
2025-01-02 16:27:31.227 [info] Got 0 sessions for ...
2025-01-02 16:27:31.229 [info] Getting sessions for user:email...
2025-01-02 16:27:31.229 [info] Got 0 sessions for user:email...
2025-01-02 16:27:31.229 [info] Getting sessions for user:email...
2025-01-02 16:27:31.229 [info] Got 0 sessions for user:email...
2025-01-02 16:27:31.297 [info] Getting sessions for all scopes...
2025-01-02 16:27:31.297 [info] Got 0 sessions for ...
2025-01-02 16:27:31.590 [info] Getting sessions for all scopes...
2025-01-02 16:27:31.590 [info] Got 0 sessions for ...
2025-01-02 16:27:31.598 [info] Getting sessions for user:email...
2025-01-02 16:27:31.598 [info] Got 0 sessions for user:email...
2025-01-02 16:27:31.605 [info] Getting sessions for all scopes...
2025-01-02 16:27:31.605 [info] Got 0 sessions for ...
2025-01-02 16:27:31.605 [info] Getting sessions for all scopes...
2025-01-02 16:27:31.605 [info] Got 0 sessions for ...
2025-01-02 16:27:31.647 [info] Getting sessions for user:email...
2025-01-02 16:27:31.648 [info] Got 0 sessions for user:email...
2025-01-02 16:27:31.680 [info] Getting sessions for all scopes...
2025-01-02 16:27:31.680 [info] Got 0 sessions for ...
2025-01-02 16:27:31.682 [info] Getting sessions for read:user,repo,user:email,workflow...
2025-01-02 16:27:31.682 [info] Got 0 sessions for read:user,repo,user:email,workflow...
2025-01-02 16:27:31.727 [info] Getting sessions for user:email...
2025-01-02 16:27:31.727 [info] Got 0 sessions for user:email...
2025-01-02 16:27:57.240 [info] Logging in with 'any' account...
2025-01-02 16:27:57.240 [info] Logging in for the following scopes: user:email
2025-01-02 16:27:57.275 [info] Trying without local server... (user:email)
2025-01-02 16:28:22.255 [info] Getting sessions for user:email...
2025-01-02 16:28:22.255 [info] Got 0 sessions for user:email...
2025-01-02 16:28:22.258 [info] Getting sessions for user:email...
2025-01-02 16:28:22.258 [info] Got 0 sessions for user:email...
2025-01-02 16:28:25.755 [error] User Cancelled
2025-01-02 16:28:27.420 [info] Trying with local server... (user:email)
2025-01-02 16:28:31.748 [info] Exchanging code for token...
2025-01-02 16:28:32.114 [info] Token exchange success!
2025-01-02 16:28:32.115 [info] Getting user info...
2025-01-02 16:28:32.537 [info] Got account info!
2025-01-02 16:28:32.538 [info] Storing 1 sessions...
2025-01-02 16:28:32.578 [info] Reading sessions from keychain...
2025-01-02 16:28:32.578 [info] Stored 1 sessions!
2025-01-02 16:28:32.578 [info] Login success!
2025-01-02 16:28:32.594 [info] Got stored sessions!
2025-01-02 16:28:32.594 [info] Got 1 verified sessions.
2025-01-02 16:28:32.595 [info] Getting sessions for all scopes...
2025-01-02 16:28:32.595 [info] Got 1 sessions for ...
2025-01-02 16:28:32.598 [info] Getting sessions for user:email...
2025-01-02 16:28:32.598 [info] Got 1 sessions for user:email...
2025-01-02 16:28:32.599 [info] Getting sessions for user:email...
2025-01-02 16:28:32.599 [info] Got 1 sessions for user:email...
2025-01-02 16:28:32.605 [info] Getting sessions for all scopes...
2025-01-02 16:28:32.606 [info] Got 1 sessions for ...
2025-01-02 16:28:32.606 [info] Getting sessions for all scopes...
2025-01-02 16:28:32.606 [info] Got 1 sessions for ...
2025-01-02 16:28:32.606 [info] Getting sessions for project,read:org,read:user,repo,user:email,workflow...
2025-01-02 16:28:32.606 [info] Got 0 sessions for project,read:org,read:user,repo,user:email,workflow...
2025-01-02 16:28:32.607 [info] Getting sessions for read:user,repo,user:email,workflow...
2025-01-02 16:28:32.607 [info] Got 0 sessions for read:user,repo,user:email,workflow...
2025-01-02 16:28:32.607 [info] Getting sessions for read:user,repo,user:email,workflow...
2025-01-02 16:28:32.607 [info] Got 0 sessions for read:user,repo,user:email,workflow...
2025-01-02 16:28:32.610 [info] Getting sessions for read:user,repo,user:email,workflow...
2025-01-02 16:28:32.610 [info] Got 0 sessions for read:user,repo,user:email,workflow...
2025-01-02 16:28:32.610 [info] Getting sessions for read:user,repo,user:email,workflow...
2025-01-02 16:28:32.610 [info] Got 0 sessions for read:user,repo,user:email,workflow...
2025-01-02 16:28:32.611 [info] Getting sessions for read:user...
2025-01-02 16:28:32.611 [info] Got 0 sessions for read:user...
2025-01-02 16:28:32.612 [info] Getting sessions for user:email...
2025-01-02 16:28:32.612 [info] Got 1 sessions for user:email...
2025-01-02 16:28:32.612 [info] Getting sessions for read:user,repo,user:email...
2025-01-02 16:28:32.612 [info] Got 0 sessions for read:user,repo,user:email...
2025-01-02 16:28:32.612 [info] Getting sessions for user:email...
2025-01-02 16:28:32.612 [info] Got 1 sessions for user:email...
2025-01-02 16:28:32.657 [info] Getting sessions for all scopes...
2025-01-02 16:28:32.657 [info] Got 1 sessions for ...
2025-01-02 16:28:32.657 [info] Getting sessions for read:user,repo,user:email,workflow...
2025-01-02 16:28:32.657 [info] Got 0 sessions for read:user,repo,user:email,workflow...
2025-01-02 16:28:32.659 [info] Getting sessions for read:user,repo,user:email,workflow...
2025-01-02 16:28:32.659 [info] Got 0 sessions for read:user,repo,user:email,workflow...
2025-01-02 16:28:32.659 [info] Getting sessions for project,read:org,read:user,repo,user:email,workflow...
2025-01-02 16:28:32.659 [info] Got 0 sessions for project,read:org,read:user,repo,user:email,workflow...
2025-01-02 16:28:32.660 [info] Getting sessions for user:email...
2025-01-02 16:28:32.660 [info] Got 1 sessions for user:email...
2025-01-02 16:28:32.660 [info] Getting sessions for read:user,repo,user:email,workflow...
2025-01-02 16:28:32.660 [info] Got 0 sessions for read:user,repo,user:email,workflow...
2025-01-02 16:28:32.661 [info] Getting sessions for all scopes...
2025-01-02 16:28:32.661 [info] Got 1 sessions for ...
2025-01-02 16:28:32.662 [info] Getting sessions for read:user,repo,user:email...
2025-01-02 16:28:32.662 [info] Got 0 sessions for read:user,repo,user:email...
2025-01-02 16:28:32.663 [info] Getting sessions for read:user,repo,user:email,workflow...
2025-01-02 16:28:32.663 [info] Got 0 sessions for read:user,repo,user:email,workflow...
2025-01-02 16:28:32.663 [info] Getting sessions for read:user,repo,user:email,workflow...
2025-01-02 16:28:32.663 [info] Got 0 sessions for read:user,repo,user:email,workflow...
2025-01-02 16:28:32.664 [info] Getting sessions for user:email...
2025-01-02 16:28:32.664 [info] Got 1 sessions for user:email...
2025-01-02 16:28:33.926 [info] Getting sessions for all scopes...
2025-01-02 16:28:33.926 [info] Got 1 sessions for ...
2025-01-02 16:28:33.926 [info] Getting sessions for all scopes...
2025-01-02 16:28:33.926 [info] Got 1 sessions for ...
2025-01-02 16:28:33.929 [info] Getting sessions for read:user,repo,user:email,workflow...
2025-01-02 16:28:33.929 [info] Got 0 sessions for read:user,repo,user:email,workflow...
2025-01-02 16:28:33.930 [info] Getting sessions for user:email...
2025-01-02 16:28:33.930 [info] Got 1 sessions for user:email...
2025-01-02 16:28:33.932 [info] Getting sessions for all scopes...
2025-01-02 16:28:33.932 [info] Got 1 sessions for ...
2025-01-02 16:28:33.934 [info] Getting sessions for read:user,repo,user:email,workflow...
2025-01-02 16:28:33.934 [info] Got 0 sessions for read:user,repo,user:email,workflow...
2025-01-02 16:28:33.935 [info] Getting sessions for user:email...
2025-01-02 16:28:33.935 [info] Got 1 sessions for user:email...
2025-01-02 16:28:34.035 [info] Getting sessions for all scopes...
2025-01-02 16:28:34.035 [info] Got 1 sessions for ...
2025-01-02 16:28:34.037 [info] Getting sessions for read:user,repo,user:email,workflow...
2025-01-02 16:28:34.037 [info] Got 0 sessions for read:user,repo,user:email,workflow...
2025-01-02 16:28:34.038 [info] Getting sessions for user:email...
2025-01-02 16:28:34.038 [info] Got 1 sessions for user:email...
2025-01-02 16:28:34.045 [info] Getting sessions for all scopes...
2025-01-02 16:28:34.045 [info] Got 1 sessions for ...
2025-01-02 16:28:34.046 [info] Getting sessions for read:user,repo,user:email,workflow...
2025-01-02 16:28:34.046 [info] Got 0 sessions for read:user,repo,user:email,workflow...
2025-01-02 16:28:34.054 [info] Getting sessions for user:email...
2025-01-02 16:28:34.054 [info] Got 1 sessions for user:email...
2025-01-02 16:28:39.111 [info] Logging in with 'any' account...
2025-01-02 16:28:39.111 [info] Logging in for the following scopes: read:user repo user:email workflow
2025-01-02 16:28:39.118 [info] Trying without local server... (read:user repo user:email workflow)
2025-01-02 16:28:50.936 [error] User Cancelled
2025-01-02 16:28:52.014 [info] Trying with local server... (read:user repo user:email workflow)
2025-01-02 16:28:56.313 [info] Exchanging code for token...
2025-01-02 16:28:56.703 [info] Token exchange success!
2025-01-02 16:28:56.705 [info] Getting user info...
2025-01-02 16:28:57.110 [info] Got account info!
2025-01-02 16:28:57.111 [info] Storing 2 sessions...
2025-01-02 16:28:57.114 [info] Reading sessions from keychain...
2025-01-02 16:28:57.114 [info] Stored 2 sessions!
2025-01-02 16:28:57.115 [info] Login success!
2025-01-02 16:28:57.115 [info] Got stored sessions!
2025-01-02 16:28:57.115 [info] Got 2 verified sessions.
2025-01-02 16:28:57.116 [info] Getting sessions for all scopes...
2025-01-02 16:28:57.116 [info] Got 2 sessions for ...
2025-01-02 16:28:57.121 [info] Getting sessions for user:email...
2025-01-02 16:28:57.121 [info] Got 1 sessions for user:email...
2025-01-02 16:28:57.159 [info] Getting sessions for all scopes...
2025-01-02 16:28:57.159 [info] Got 2 sessions for ...
2025-01-02 16:28:57.160 [info] Getting sessions for user:email...
2025-01-02 16:28:57.160 [info] Got 1 sessions for user:email...
2025-01-02 16:28:57.163 [info] Getting sessions for all scopes...
2025-01-02 16:28:57.163 [info] Got 2 sessions for ...
2025-01-02 16:28:57.163 [info] Getting sessions for all scopes...
2025-01-02 16:28:57.163 [info] Got 2 sessions for ...
2025-01-02 16:28:57.163 [info] Getting sessions for project,read:org,read:user,repo,user:email,workflow...
2025-01-02 16:28:57.163 [info] Got 0 sessions for project,read:org,read:user,repo,user:email,workflow...
2025-01-02 16:28:57.164 [info] Getting sessions for read:user,repo,user:email,workflow...
2025-01-02 16:28:57.164 [info] Got 1 sessions for read:user,repo,user:email,workflow...
2025-01-02 16:28:57.165 [info] Getting sessions for read:user,repo,user:email,workflow...
2025-01-02 16:28:57.165 [info] Got 1 sessions for read:user,repo,user:email,workflow...
2025-01-02 16:28:57.176 [info] Getting sessions for read:user,repo,user:email,workflow...
2025-01-02 16:28:57.176 [info] Got 1 sessions for read:user,repo,user:email,workflow...
2025-01-02 16:28:57.176 [info] Getting sessions for read:user,repo,user:email,workflow...
2025-01-02 16:28:57.176 [info] Got 1 sessions for read:user,repo,user:email,workflow...
2025-01-02 16:28:57.268 [info] Getting sessions for all scopes...
2025-01-02 16:28:57.268 [info] Got 2 sessions for ...
2025-01-02 16:28:57.270 [info] Getting sessions for read:user,repo,user:email,workflow...
2025-01-02 16:28:57.270 [info] Got 1 sessions for read:user,repo,user:email,workflow...
2025-01-02 16:28:57.272 [info] Getting sessions for all scopes...
2025-01-02 16:28:57.272 [info] Got 2 sessions for ...
2025-01-02 16:28:57.273 [info] Getting sessions for read:user,repo,user:email,workflow...
2025-01-02 16:28:57.273 [info] Got 1 sessions for read:user,repo,user:email,workflow...
2025-01-02 16:28:58.075 [info] Getting sessions for all scopes...
2025-01-02 16:28:58.075 [info] Got 2 sessions for ...
2025-01-02 16:28:58.075 [info] Getting sessions for all scopes...
2025-01-02 16:28:58.075 [info] Got 2 sessions for ...
2025-01-02 16:28:58.076 [info] Getting sessions for read:user,repo,user:email,workflow...
2025-01-02 16:28:58.076 [info] Got 1 sessions for read:user,repo,user:email,workflow...
2025-01-02 16:28:58.078 [info] Getting sessions for all scopes...
2025-01-02 16:28:58.078 [info] Got 2 sessions for ...
2025-01-02 16:28:58.079 [info] Getting sessions for read:user,repo,user:email,workflow...
2025-01-02 16:28:58.079 [info] Got 1 sessions for read:user,repo,user:email,workflow...
2025-01-02 16:28:58.081 [info] Getting sessions for all scopes...
2025-01-02 16:28:58.081 [info] Got 2 sessions for ...
2025-01-02 16:28:58.082 [info] Getting sessions for read:user,repo,user:email,workflow...
2025-01-02 16:28:58.082 [info] Got 1 sessions for read:user,repo,user:email,workflow...
2025-01-02 16:30:11.375 [info] Getting sessions for read:user,repo,user:email,workflow...
2025-01-02 16:30:11.375 [info] Got 1 sessions for read:user,repo,user:email,workflow...
2025-01-02 16:30:12.818 [info] Getting sessions for all scopes...
2025-01-02 16:30:12.818 [info] Got 2 sessions for ...
2025-01-02 16:30:14.301 [info] Getting sessions for all scopes...
2025-01-02 16:30:14.301 [info] Got 2 sessions for ...
2025-01-02 16:30:14.303 [info] Getting sessions for user:email...
2025-01-02 16:30:14.303 [info] Got 1 sessions for user:email...
2025-01-02 16:30:14.306 [info] Getting sessions for all scopes...
2025-01-02 16:30:14.306 [info] Got 2 sessions for ...
2025-01-02 16:30:14.307 [info] Getting sessions for user:email...
2025-01-02 16:30:14.307 [info] Got 1 sessions for user:email...
2025-01-02 16:30:14.383 [info] Getting sessions for all scopes...
2025-01-02 16:30:14.383 [info] Got 2 sessions for ...
2025-01-02 16:30:14.383 [info] Getting sessions for all scopes...
2025-01-02 16:30:14.383 [info] Got 2 sessions for ...
2025-01-02 16:30:14.383 [info] Getting sessions for read:user,repo,user:email,workflow...
2025-01-02 16:30:14.383 [info] Got 1 sessions for read:user,repo,user:email,workflow...
2025-01-02 16:30:14.384 [info] Getting sessions for read:user,repo,user:email,workflow...
2025-01-02 16:30:14.384 [info] Got 1 sessions for read:user,repo,user:email,workflow...
2025-01-02 16:30:14.384 [info] Getting sessions for read:user,repo,user:email,workflow...
2025-01-02 16:30:14.384 [info] Got 1 sessions for read:user,repo,user:email,workflow...
2025-01-02 16:30:14.390 [info] Getting sessions for read:user,repo,user:email,workflow...
2025-01-02 16:30:14.390 [info] Got 1 sessions for read:user,repo,user:email,workflow...
2025-01-02 16:30:14.392 [info] Getting sessions for all scopes...
2025-01-02 16:30:14.392 [info] Got 2 sessions for ...
2025-01-02 16:30:14.393 [info] Getting sessions for read:user,repo,user:email,workflow...
2025-01-02 16:30:14.393 [info] Got 1 sessions for read:user,repo,user:email,workflow...
2025-01-02 16:31:15.897 [info] Getting sessions for read:user,repo,user:email,workflow...
2025-01-02 16:31:15.898 [info] Got 1 sessions for read:user,repo,user:email,workflow...
2025-01-02 16:31:22.076 [info] Reading sessions from keychain...
2025-01-02 16:31:22.076 [info] Getting sessions for all scopes...
2025-01-02 16:31:22.076 [info] Getting sessions for all scopes...
2025-01-02 16:31:22.076 [info] Getting sessions for all scopes...
2025-01-02 16:31:22.076 [info] Got 0 sessions for ...
2025-01-02 16:31:22.076 [info] Got 0 sessions for ...
2025-01-02 16:31:22.076 [info] Got 0 sessions for ...
2025-01-02 16:31:22.081 [info] Getting sessions for user:email...
2025-01-02 16:31:22.081 [info] Got 0 sessions for user:email...
2025-01-02 16:31:22.159 [info] Getting sessions for all scopes...
2025-01-02 16:31:22.159 [info] Got 0 sessions for ...
2025-01-02 16:31:22.159 [info] Getting sessions for all scopes...
2025-01-02 16:31:22.159 [info] Got 0 sessions for ...
2025-01-02 16:31:22.160 [info] Getting sessions for all scopes...
2025-01-02 16:31:22.160 [info] Got 0 sessions for ...
2025-01-02 16:31:22.160 [info] Getting sessions for all scopes...
2025-01-02 16:31:22.160 [info] Got 0 sessions for ...
2025-01-02 16:31:22.160 [info] Getting sessions for all scopes...
2025-01-02 16:31:22.160 [info] Got 0 sessions for ...
2025-01-02 16:31:23.484 [info] Getting sessions for all scopes...
2025-01-02 16:31:23.484 [info] Got 0 sessions for ...
2025-01-02 16:31:29.700 [info] Getting sessions for read:user,repo,user:email,workflow...
2025-01-02 16:31:29.700 [info] Got 0 sessions for read:user,repo,user:email,workflow...
2025-01-02 16:31:29.700 [info] Getting sessions for all scopes...
2025-01-02 16:31:29.700 [info] Got 0 sessions for ...
2025-01-02 16:31:29.701 [info] Getting sessions for all scopes...
2025-01-02 16:31:29.701 [info] Got 0 sessions for ...
2025-01-02 16:31:29.903 [info] Getting sessions for project,read:org,read:user,repo,user:email,workflow...
2025-01-02 16:31:29.903 [info] Got 0 sessions for project,read:org,read:user,repo,user:email,workflow...
2025-01-02 16:31:29.923 [info] Getting sessions for read:user...
2025-01-02 16:31:29.924 [info] Got 0 sessions for read:user...
2025-01-02 16:31:29.924 [info] Getting sessions for user:email...
2025-01-02 16:31:29.924 [info] Got 0 sessions for user:email...
2025-01-02 16:31:29.988 [info] Getting sessions for read:user,repo,user:email,workflow...
2025-01-02 16:31:29.988 [info] Got 0 sessions for read:user,repo,user:email,workflow...
2025-01-02 16:31:30.181 [info] Getting sessions for read:user,repo,user:email,workflow...
2025-01-02 16:31:30.181 [info] Got 0 sessions for read:user,repo,user:email,workflow...
2025-01-02 16:31:30.181 [info] Getting sessions for user:email...
2025-01-02 16:31:30.181 [info] Got 0 sessions for user:email...
2025-01-02 16:31:30.184 [info] Getting sessions for all scopes...
2025-01-02 16:31:30.184 [info] Got 0 sessions for ...
2025-01-02 16:31:30.189 [info] Getting sessions for all scopes...
2025-01-02 16:31:30.189 [info] Got 0 sessions for ...
2025-01-02 16:31:30.440 [info] Getting sessions for read:user,repo,user:email...
2025-01-02 16:31:30.440 [info] Got 0 sessions for read:user,repo,user:email...
2025-01-02 16:31:30.441 [info] Getting sessions for read:user,repo,user:email,workflow...
2025-01-02 16:31:30.441 [info] Got 0 sessions for read:user,repo,user:email,workflow...
2025-01-02 16:31:30.614 [info] Getting sessions for user:email...
2025-01-02 16:31:30.614 [info] Got 0 sessions for user:email...
2025-01-02 16:31:30.674 [info] Getting sessions for read:user,repo,user:email,workflow...
2025-01-02 16:31:30.674 [info] Got 0 sessions for read:user,repo,user:email,workflow...
2025-01-02 16:31:30.798 [info] Getting sessions for read:user,repo,user:email,workflow...
2025-01-02 16:31:30.798 [info] Got 0 sessions for read:user,repo,user:email,workflow...
2025-01-02 16:31:30.799 [info] Getting sessions for read:user...
2025-01-02 16:31:30.799 [info] Got 0 sessions for read:user...
2025-01-02 16:31:30.799 [info] Getting sessions for all scopes...
2025-01-02 16:31:30.799 [info] Got 0 sessions for ...
2025-01-02 16:31:33.996 [info] Getting sessions for all scopes...
2025-01-02 16:31:33.996 [info] Got 0 sessions for ...
2025-01-02 16:31:34.106 [info] Getting sessions for user:email...
2025-01-02 16:31:34.106 [info] Got 0 sessions for user:email...
2025-01-02 16:31:34.107 [info] Getting sessions for user:email...
2025-01-02 16:31:34.107 [info] Got 0 sessions for user:email...
2025-01-02 16:31:34.448 [info] Getting sessions for read:user,repo,user:email,workflow...
2025-01-02 16:31:34.448 [info] Got 0 sessions for read:user,repo,user:email,workflow...
2025-01-02 16:31:34.466 [info] Getting sessions for all scopes...
2025-01-02 16:31:34.466 [info] Got 0 sessions for ...
2025-01-02 16:31:34.606 [info] Getting sessions for user:email...
2025-01-02 16:31:34.606 [info] Got 0 sessions for user:email...
2025-01-02 16:31:34.994 [info] Getting sessions for all scopes...
2025-01-02 16:31:34.994 [info] Got 0 sessions for ...
2025-01-02 16:31:35.013 [info] Getting sessions for user:email...
2025-01-02 16:31:35.013 [info] Got 0 sessions for user:email...
2025-01-02 16:31:35.175 [info] Getting sessions for read:user,repo,user:email,workflow...
2025-01-02 16:31:35.175 [info] Got 0 sessions for read:user,repo,user:email,workflow...
2025-01-02 16:46:35.124 [info] Getting sessions for all scopes...
2025-01-02 16:46:35.125 [info] Got 0 sessions for ...
2025-01-02 16:46:35.129 [info] Getting sessions for user:email...
2025-01-02 16:46:35.129 [info] Got 0 sessions for user:email...
2025-01-02 16:46:35.131 [info] Getting sessions for all scopes...
2025-01-02 16:46:35.131 [info] Got 0 sessions for ...
2025-01-02 16:46:35.133 [info] Getting sessions for user:email...
2025-01-02 16:46:35.133 [info] Got 0 sessions for user:email...
2025-01-02 17:01:35.138 [info] Getting sessions for all scopes...
2025-01-02 17:01:35.138 [info] Got 0 sessions for ...
2025-01-02 17:01:35.140 [info] Getting sessions for user:email...
2025-01-02 17:01:35.140 [info] Got 0 sessions for user:email...
2025-01-02 17:01:35.142 [info] Getting sessions for all scopes...
2025-01-02 17:01:35.142 [info] Got 0 sessions for ...
2025-01-02 17:01:35.144 [info] Getting sessions for user:email...
2025-01-02 17:01:35.144 [info] Got 0 sessions for user:email...
