2025-01-02 20:07:00.217 [info] Reading sessions from keychain...
2025-01-02 20:07:00.217 [info] Getting sessions for all scopes...
2025-01-02 20:07:00.217 [info] Getting sessions for all scopes...
2025-01-02 20:07:00.217 [info] Getting sessions for all scopes...
2025-01-02 20:07:00.217 [info] Getting sessions for all scopes...
2025-01-02 20:07:00.217 [info] Getting sessions for all scopes...
2025-01-02 20:07:00.217 [info] Getting sessions for all scopes...
2025-01-02 20:07:00.217 [info] Getting sessions for all scopes...
2025-01-02 20:07:00.217 [info] Getting sessions for all scopes...
2025-01-02 20:07:00.217 [info] Got stored sessions!
2025-01-02 20:07:00.217 [info] Got 2 verified sessions.
2025-01-02 20:07:00.217 [info] Got 2 sessions for ...
2025-01-02 20:07:00.217 [info] Got 2 sessions for ...
2025-01-02 20:07:00.217 [info] Got 2 sessions for ...
2025-01-02 20:07:00.217 [info] Got 2 sessions for ...
2025-01-02 20:07:00.217 [info] Got 2 sessions for ...
2025-01-02 20:07:00.217 [info] Got 2 sessions for ...
2025-01-02 20:07:00.217 [info] Got 2 sessions for ...
2025-01-02 20:07:00.217 [info] Got 2 sessions for ...
2025-01-02 20:07:00.217 [info] Getting sessions for user:email...
2025-01-02 20:07:00.217 [info] Got 1 sessions for user:email...
2025-01-02 20:07:01.611 [info] Getting sessions for project,read:org,read:user,repo,user:email,workflow...
2025-01-02 20:07:01.611 [info] Got 0 sessions for project,read:org,read:user,repo,user:email,workflow...
2025-01-02 20:07:01.612 [info] Getting sessions for all scopes...
2025-01-02 20:07:01.612 [info] Got 2 sessions for ...
2025-01-02 20:07:01.913 [info] Getting sessions for read:user,repo,user:email,workflow...
2025-01-02 20:07:01.913 [info] Got 1 sessions for read:user,repo,user:email,workflow...
2025-01-02 20:07:05.218 [info] Getting sessions for read:user,repo,user:email,workflow...
2025-01-02 20:07:05.218 [info] Got 1 sessions for read:user,repo,user:email,workflow...
2025-01-02 20:07:05.218 [info] Getting sessions for all scopes...
2025-01-02 20:07:05.218 [info] Got 2 sessions for ...
2025-01-02 20:07:05.218 [info] Getting sessions for all scopes...
2025-01-02 20:07:05.218 [info] Got 2 sessions for ...
2025-01-02 20:07:05.277 [info] Getting sessions for read:user,repo,user:email,workflow...
2025-01-02 20:07:05.277 [info] Got 1 sessions for read:user,repo,user:email,workflow...
2025-01-02 20:07:05.278 [info] Getting sessions for read:user,repo,user:email,workflow...
2025-01-02 20:07:05.278 [info] Got 1 sessions for read:user,repo,user:email,workflow...
2025-01-02 20:07:06.983 [info] Getting sessions for all scopes...
2025-01-02 20:07:06.983 [info] Got 2 sessions for ...
2025-01-02 20:07:07.091 [info] Getting sessions for read:user,repo,user:email,workflow...
2025-01-02 20:07:07.092 [info] Got 1 sessions for read:user,repo,user:email,workflow...
2025-01-02 20:07:07.195 [info] Getting sessions for all scopes...
2025-01-02 20:07:07.195 [info] Got 2 sessions for ...
2025-01-02 20:07:07.225 [info] Getting sessions for read:user,repo,user:email,workflow...
2025-01-02 20:07:07.225 [info] Got 1 sessions for read:user,repo,user:email,workflow...
2025-01-02 20:07:08.008 [info] Getting sessions for all scopes...
2025-01-02 20:07:08.008 [info] Got 2 sessions for ...
2025-01-02 20:07:08.008 [info] Getting sessions for all scopes...
2025-01-02 20:07:08.008 [info] Got 2 sessions for ...
2025-01-02 20:07:08.034 [info] Getting sessions for read:user,repo,user:email,workflow...
2025-01-02 20:07:08.034 [info] Got 1 sessions for read:user,repo,user:email,workflow...
2025-01-02 20:07:08.050 [info] Getting sessions for all scopes...
2025-01-02 20:07:08.050 [info] Got 2 sessions for ...
2025-01-02 20:07:08.066 [info] Getting sessions for read:user,repo,user:email,workflow...
2025-01-02 20:07:08.066 [info] Got 1 sessions for read:user,repo,user:email,workflow...
2025-01-02 20:07:08.144 [info] Getting sessions for all scopes...
2025-01-02 20:07:08.144 [info] Got 2 sessions for ...
2025-01-02 20:07:08.149 [info] Getting sessions for read:user,repo,user:email,workflow...
2025-01-02 20:07:08.149 [info] Got 1 sessions for read:user,repo,user:email,workflow...
2025-01-02 20:07:08.740 [info] Getting sessions for all scopes...
2025-01-02 20:07:08.740 [info] Got 2 sessions for ...
2025-01-02 20:07:08.740 [info] Getting sessions for read:user,repo,user:email,workflow...
2025-01-02 20:07:08.740 [info] Got 1 sessions for read:user,repo,user:email,workflow...
2025-01-02 20:07:08.752 [info] Getting sessions for read:user,repo,user:email,workflow...
2025-01-02 20:07:08.752 [info] Got 1 sessions for read:user,repo,user:email,workflow...
2025-01-02 20:22:08.758 [info] Getting sessions for all scopes...
2025-01-02 20:22:08.758 [info] Got 2 sessions for ...
2025-01-02 20:22:08.762 [info] Getting sessions for read:user,repo,user:email,workflow...
2025-01-02 20:22:08.762 [info] Got 1 sessions for read:user,repo,user:email,workflow...
2025-01-02 20:22:08.768 [info] Getting sessions for all scopes...
2025-01-02 20:22:08.768 [info] Got 2 sessions for ...
2025-01-02 20:22:08.772 [info] Getting sessions for read:user,repo,user:email,workflow...
2025-01-02 20:22:08.772 [info] Got 1 sessions for read:user,repo,user:email,workflow...
2025-01-02 20:32:07.614 [info] Getting sessions for read:user,repo,user:email,workflow...
2025-01-02 20:32:07.614 [info] Got 1 sessions for read:user,repo,user:email,workflow...
2025-01-02 20:32:08.004 [info] Getting sessions for all scopes...
2025-01-02 20:32:08.004 [info] Got 2 sessions for ...
2025-01-02 20:32:08.009 [info] Getting sessions for read:user,repo,user:email,workflow...
2025-01-02 20:32:08.010 [info] Got 1 sessions for read:user,repo,user:email,workflow...
2025-01-02 20:32:08.885 [info] Getting sessions for all scopes...
2025-01-02 20:32:08.885 [info] Got 2 sessions for ...
2025-01-02 20:32:08.886 [info] Getting sessions for all scopes...
2025-01-02 20:32:08.886 [info] Got 2 sessions for ...
2025-01-02 20:32:08.887 [info] Getting sessions for read:user,repo,user:email,workflow...
2025-01-02 20:32:08.887 [info] Got 1 sessions for read:user,repo,user:email,workflow...
2025-01-02 20:32:08.889 [info] Getting sessions for all scopes...
2025-01-02 20:32:08.889 [info] Got 2 sessions for ...
2025-01-02 20:32:08.891 [info] Getting sessions for read:user,repo,user:email,workflow...
2025-01-02 20:32:08.891 [info] Got 1 sessions for read:user,repo,user:email,workflow...
2025-01-02 20:32:08.901 [info] Getting sessions for all scopes...
2025-01-02 20:32:08.901 [info] Got 2 sessions for ...
2025-01-02 20:32:08.902 [info] Getting sessions for read:user,repo,user:email,workflow...
2025-01-02 20:32:08.902 [info] Got 1 sessions for read:user,repo,user:email,workflow...
2025-01-02 20:47:08.909 [info] Getting sessions for all scopes...
2025-01-02 20:47:08.910 [info] Got 2 sessions for ...
2025-01-02 20:47:08.914 [info] Getting sessions for read:user,repo,user:email,workflow...
2025-01-02 20:47:08.915 [info] Got 1 sessions for read:user,repo,user:email,workflow...
2025-01-02 20:47:08.919 [info] Getting sessions for all scopes...
2025-01-02 20:47:08.919 [info] Got 2 sessions for ...
2025-01-02 20:47:08.923 [info] Getting sessions for read:user,repo,user:email,workflow...
2025-01-02 20:47:08.923 [info] Got 1 sessions for read:user,repo,user:email,workflow...
2025-01-02 20:57:08.045 [info] Getting sessions for read:user,repo,user:email,workflow...
2025-01-02 20:57:08.046 [info] Got 1 sessions for read:user,repo,user:email,workflow...
2025-01-02 20:57:08.888 [info] Getting sessions for all scopes...
2025-01-02 20:57:08.888 [info] Got 2 sessions for ...
2025-01-02 20:57:08.892 [info] Getting sessions for read:user,repo,user:email,workflow...
2025-01-02 20:57:08.892 [info] Got 1 sessions for read:user,repo,user:email,workflow...
2025-01-02 20:57:09.796 [info] Getting sessions for all scopes...
2025-01-02 20:57:09.796 [info] Got 2 sessions for ...
2025-01-02 20:57:09.797 [info] Getting sessions for all scopes...
2025-01-02 20:57:09.797 [info] Got 2 sessions for ...
2025-01-02 20:57:09.801 [info] Getting sessions for read:user,repo,user:email,workflow...
2025-01-02 20:57:09.801 [info] Got 1 sessions for read:user,repo,user:email,workflow...
2025-01-02 20:57:09.805 [info] Getting sessions for all scopes...
2025-01-02 20:57:09.805 [info] Got 2 sessions for ...
2025-01-02 20:57:09.809 [info] Getting sessions for read:user,repo,user:email,workflow...
2025-01-02 20:57:09.810 [info] Got 1 sessions for read:user,repo,user:email,workflow...
2025-01-02 20:57:09.835 [info] Getting sessions for all scopes...
2025-01-02 20:57:09.835 [info] Got 2 sessions for ...
2025-01-02 20:57:09.837 [info] Getting sessions for read:user,repo,user:email,workflow...
2025-01-02 20:57:09.838 [info] Got 1 sessions for read:user,repo,user:email,workflow...
2025-01-02 20:57:09.842 [info] Getting sessions for all scopes...
2025-01-02 20:57:09.842 [info] Got 2 sessions for ...
2025-01-02 20:57:09.845 [info] Getting sessions for read:user,repo,user:email,workflow...
2025-01-02 20:57:09.845 [info] Got 1 sessions for read:user,repo,user:email,workflow...
2025-01-02 21:12:10.964 [info] Getting sessions for all scopes...
2025-01-02 21:12:10.965 [info] Got 2 sessions for ...
2025-01-02 21:12:10.970 [info] Getting sessions for read:user,repo,user:email,workflow...
2025-01-02 21:12:10.970 [info] Got 1 sessions for read:user,repo,user:email,workflow...
2025-01-02 21:12:10.975 [info] Getting sessions for all scopes...
2025-01-02 21:12:10.976 [info] Got 2 sessions for ...
2025-01-02 21:12:10.981 [info] Getting sessions for read:user,repo,user:email,workflow...
2025-01-02 21:12:10.981 [info] Got 1 sessions for read:user,repo,user:email,workflow...
2025-01-02 21:22:08.570 [info] Getting sessions for read:user,repo,user:email,workflow...
2025-01-02 21:22:08.570 [info] Got 1 sessions for read:user,repo,user:email,workflow...
2025-01-02 21:22:09.793 [info] Getting sessions for all scopes...
2025-01-02 21:22:09.793 [info] Got 2 sessions for ...
2025-01-02 21:22:09.797 [info] Getting sessions for read:user,repo,user:email,workflow...
2025-01-02 21:22:09.797 [info] Got 1 sessions for read:user,repo,user:email,workflow...
2025-01-02 21:22:10.671 [info] Getting sessions for all scopes...
2025-01-02 21:22:10.671 [info] Got 2 sessions for ...
2025-01-02 21:22:10.672 [info] Getting sessions for all scopes...
2025-01-02 21:22:10.672 [info] Got 2 sessions for ...
2025-01-02 21:22:10.675 [info] Getting sessions for read:user,repo,user:email,workflow...
2025-01-02 21:22:10.675 [info] Got 1 sessions for read:user,repo,user:email,workflow...
2025-01-02 21:22:10.679 [info] Getting sessions for all scopes...
2025-01-02 21:22:10.679 [info] Got 2 sessions for ...
2025-01-02 21:22:10.683 [info] Getting sessions for read:user,repo,user:email,workflow...
2025-01-02 21:22:10.683 [info] Got 1 sessions for read:user,repo,user:email,workflow...
2025-01-02 21:22:10.704 [info] Getting sessions for all scopes...
2025-01-02 21:22:10.704 [info] Got 2 sessions for ...
2025-01-02 21:22:10.706 [info] Getting sessions for read:user,repo,user:email,workflow...
2025-01-02 21:22:10.706 [info] Got 1 sessions for read:user,repo,user:email,workflow...
2025-01-02 22:52:04.054 [info] Getting sessions for read:user,repo,user:email,workflow...
2025-01-02 22:52:04.054 [info] Got 1 sessions for read:user,repo,user:email,workflow...
2025-01-02 22:52:04.161 [info] Getting sessions for read:user,repo,user:email,workflow...
2025-01-02 22:52:04.161 [info] Got 1 sessions for read:user,repo,user:email,workflow...
2025-01-02 23:01:31.872 [info] Getting sessions for all scopes...
2025-01-02 23:01:31.872 [info] Got 2 sessions for ...
2025-01-02 23:01:31.876 [info] Getting sessions for read:user,repo,user:email,workflow...
2025-01-02 23:01:31.876 [info] Got 1 sessions for read:user,repo,user:email,workflow...
2025-01-02 23:01:31.880 [info] Getting sessions for all scopes...
2025-01-02 23:01:31.880 [info] Got 2 sessions for ...
2025-01-02 23:01:31.884 [info] Getting sessions for read:user,repo,user:email,workflow...
2025-01-02 23:01:31.884 [info] Got 1 sessions for read:user,repo,user:email,workflow...
2025-01-02 23:01:32.732 [info] Getting sessions for all scopes...
2025-01-02 23:01:32.732 [info] Got 2 sessions for ...
2025-01-02 23:01:32.733 [info] Getting sessions for all scopes...
2025-01-02 23:01:32.733 [info] Got 2 sessions for ...
2025-01-02 23:01:32.736 [info] Getting sessions for read:user,repo,user:email,workflow...
2025-01-02 23:01:32.736 [info] Got 1 sessions for read:user,repo,user:email,workflow...
2025-01-02 23:01:32.741 [info] Getting sessions for all scopes...
2025-01-02 23:01:32.741 [info] Got 2 sessions for ...
2025-01-02 23:01:32.745 [info] Getting sessions for read:user,repo,user:email,workflow...
2025-01-02 23:01:32.745 [info] Got 1 sessions for read:user,repo,user:email,workflow...
2025-01-02 23:01:32.750 [info] Getting sessions for all scopes...
2025-01-02 23:01:32.750 [info] Got 2 sessions for ...
2025-01-02 23:01:32.754 [info] Getting sessions for read:user,repo,user:email,workflow...
2025-01-02 23:01:32.754 [info] Got 1 sessions for read:user,repo,user:email,workflow...
2025-01-02 23:01:33.125 [info] Getting sessions for all scopes...
2025-01-02 23:01:33.125 [info] Got 2 sessions for ...
2025-01-02 23:01:33.126 [info] Getting sessions for read:user,repo,user:email,workflow...
2025-01-02 23:01:33.126 [info] Got 1 sessions for read:user,repo,user:email,workflow...
2025-01-02 23:11:30.192 [info] Getting sessions for read:user,repo,user:email,workflow...
2025-01-02 23:11:30.192 [info] Got 1 sessions for read:user,repo,user:email,workflow...
2025-01-02 23:16:33.130 [info] Getting sessions for all scopes...
2025-01-02 23:16:33.130 [info] Got 2 sessions for ...
2025-01-02 23:16:33.134 [info] Getting sessions for read:user,repo,user:email,workflow...
2025-01-02 23:16:33.134 [info] Got 1 sessions for read:user,repo,user:email,workflow...
2025-01-02 23:16:33.138 [info] Getting sessions for all scopes...
2025-01-02 23:16:33.139 [info] Got 2 sessions for ...
2025-01-02 23:16:33.142 [info] Getting sessions for read:user,repo,user:email,workflow...
2025-01-02 23:16:33.142 [info] Got 1 sessions for read:user,repo,user:email,workflow...
