2025-01-02 17:18:35.290 [info] Using settings sync service https://vscode-sync.trafficmanager.net/
2025-01-02 17:18:35.290 [info] Auto Sync is enabled.
2025-01-02 17:18:35.290 [info] Auto Sync: Suspended until auth token is available.
2025-01-02 17:18:51.886 [info] Auto Sync: Triggered by Interval
2025-01-02 17:18:51.886 [info] Sync started.
2025-01-02 17:18:52.662 [info] Settings: No changes found during synchronizing settings.
2025-01-02 17:18:52.669 [info] Keybindings: No changes found during synchronizing keybindings.
2025-01-02 17:18:52.673 [info] Snippets: No changes found during synchronizing snippets.
2025-01-02 17:18:52.675 [info] Tasks: No changes found during synchronizing tasks.
2025-01-02 17:18:54.207 [info] GlobalState: Updated remote ui state. Updated: github-hrtowii,commandPalette.mru.cache,commandPalette.mru.counter.
2025-01-02 17:18:54.218 [info] GlobalState: Updated last synchronized ui state
2025-01-02 17:18:54.346 [info] Extensions: No changes found during synchronizing extensions.
2025-01-02 17:18:54.349 [info] Profiles: No changes found during synchronizing profiles.
2025-01-02 17:18:54.352 [info] Sync done. Took 2466ms
2025-01-02 17:19:41.069 [info] Auto Sync: Triggered by Activity
2025-01-02 17:19:41.070 [info] Sync started.
2025-01-02 17:19:41.232 [info] Settings: No changes found during synchronizing settings.
2025-01-02 17:19:41.242 [info] Keybindings: No changes found during synchronizing keybindings.
2025-01-02 17:19:41.249 [info] Snippets: No changes found during synchronizing snippets.
2025-01-02 17:19:41.258 [info] Tasks: No changes found during synchronizing tasks.
2025-01-02 17:19:41.271 [info] GlobalState: No changes found during synchronizing ui state.
2025-01-02 17:19:41.426 [info] Extensions: No changes found during synchronizing extensions.
2025-01-02 17:19:41.428 [info] Profiles: No changes found during synchronizing profiles.
2025-01-02 17:19:41.430 [info] Sync done. Took 362ms
2025-01-02 17:20:43.414 [info] Auto Sync: Triggered by Activity
2025-01-02 17:20:43.415 [info] Sync started.
2025-01-02 17:20:43.549 [info] Settings: No changes found during synchronizing settings.
2025-01-02 17:20:43.552 [info] Keybindings: No changes found during synchronizing keybindings.
2025-01-02 17:20:43.554 [info] Snippets: No changes found during synchronizing snippets.
2025-01-02 17:20:43.556 [info] Tasks: No changes found during synchronizing tasks.
2025-01-02 17:20:43.562 [info] GlobalState: No changes found during synchronizing ui state.
2025-01-02 17:20:43.690 [info] Extensions: No changes found during synchronizing extensions.
2025-01-02 17:20:43.691 [info] Profiles: No changes found during synchronizing profiles.
2025-01-02 17:20:43.693 [info] Sync done. Took 282ms
