2025-01-02 20:06:03.923 [info] Reading sessions from keychain...
2025-01-02 20:06:03.923 [info] Getting sessions for all scopes...
2025-01-02 20:06:03.923 [info] Getting sessions for all scopes...
2025-01-02 20:06:03.923 [info] Getting sessions for all scopes...
2025-01-02 20:06:03.923 [info] Getting sessions for all scopes...
2025-01-02 20:06:03.923 [info] Getting sessions for all scopes...
2025-01-02 20:06:03.923 [info] Getting sessions for all scopes...
2025-01-02 20:06:03.923 [info] Getting sessions for all scopes...
2025-01-02 20:06:03.923 [info] Getting sessions for all scopes...
2025-01-02 20:06:03.923 [info] Got stored sessions!
2025-01-02 20:06:03.923 [info] Got 2 verified sessions.
2025-01-02 20:06:03.923 [info] Got 2 sessions for ...
2025-01-02 20:06:03.923 [info] Got 2 sessions for ...
2025-01-02 20:06:03.923 [info] Got 2 sessions for ...
2025-01-02 20:06:03.923 [info] Got 2 sessions for ...
2025-01-02 20:06:03.923 [info] Got 2 sessions for ...
2025-01-02 20:06:03.923 [info] Got 2 sessions for ...
2025-01-02 20:06:03.923 [info] Got 2 sessions for ...
2025-01-02 20:06:03.923 [info] Got 2 sessions for ...
2025-01-02 20:06:03.923 [info] Getting sessions for user:email...
2025-01-02 20:06:03.923 [info] Got 1 sessions for user:email...
2025-01-02 20:06:03.923 [info] Getting sessions for all scopes...
2025-01-02 20:06:03.923 [info] Got 2 sessions for ...
2025-01-02 20:06:03.923 [info] Getting sessions for all scopes...
2025-01-02 20:06:03.923 [info] Got 2 sessions for ...
2025-01-02 20:06:04.416 [info] Getting sessions for all scopes...
2025-01-02 20:06:04.416 [info] Got 2 sessions for ...
2025-01-02 20:06:04.587 [info] Getting sessions for read:user,repo,user:email,workflow...
2025-01-02 20:06:04.588 [info] Got 1 sessions for read:user,repo,user:email,workflow...
2025-01-02 20:06:06.135 [info] Getting sessions for all scopes...
2025-01-02 20:06:06.135 [info] Got 2 sessions for ...
2025-01-02 20:06:06.255 [info] Getting sessions for read:user,repo,user:email,workflow...
2025-01-02 20:06:06.255 [info] Got 1 sessions for read:user,repo,user:email,workflow...
2025-01-02 20:06:06.389 [info] Getting sessions for project,read:org,read:user,repo,user:email,workflow...
2025-01-02 20:06:06.389 [info] Got 0 sessions for project,read:org,read:user,repo,user:email,workflow...
2025-01-02 20:06:06.425 [info] Getting sessions for read:user,repo,user:email,workflow...
2025-01-02 20:06:06.425 [info] Got 1 sessions for read:user,repo,user:email,workflow...
2025-01-02 20:06:06.494 [info] Getting sessions for read:user,repo,user:email,workflow...
2025-01-02 20:06:06.494 [info] Got 1 sessions for read:user,repo,user:email,workflow...
2025-01-02 20:06:06.590 [info] Getting sessions for all scopes...
2025-01-02 20:06:06.590 [info] Got 2 sessions for ...
2025-01-02 20:06:06.827 [info] Getting sessions for read:user,repo,user:email,workflow...
2025-01-02 20:06:06.827 [info] Got 1 sessions for read:user,repo,user:email,workflow...
2025-01-02 20:06:09.002 [info] Getting sessions for read:user,repo,user:email,workflow...
2025-01-02 20:06:09.002 [info] Got 1 sessions for read:user,repo,user:email,workflow...
2025-01-02 20:06:09.308 [info] Getting sessions for all scopes...
2025-01-02 20:06:09.308 [info] Got 2 sessions for ...
2025-01-02 20:06:09.700 [info] Getting sessions for read:user,repo,user:email,workflow...
2025-01-02 20:06:09.700 [info] Got 1 sessions for read:user,repo,user:email,workflow...
2025-01-02 20:06:09.876 [info] Getting sessions for read:user,repo,user:email,workflow...
2025-01-02 20:06:09.876 [info] Got 1 sessions for read:user,repo,user:email,workflow...
2025-01-02 20:06:09.984 [info] Getting sessions for read:user,repo,user:email,workflow...
2025-01-02 20:06:09.984 [info] Got 1 sessions for read:user,repo,user:email,workflow...
2025-01-02 20:06:10.105 [info] Getting sessions for all scopes...
2025-01-02 20:06:10.105 [info] Got 2 sessions for ...
2025-01-02 20:06:10.105 [info] Getting sessions for all scopes...
2025-01-02 20:06:10.105 [info] Got 2 sessions for ...
2025-01-02 20:06:10.107 [info] Getting sessions for read:user,repo,user:email,workflow...
2025-01-02 20:06:10.107 [info] Got 1 sessions for read:user,repo,user:email,workflow...
2025-01-02 20:06:10.110 [info] Getting sessions for all scopes...
2025-01-02 20:06:10.110 [info] Got 2 sessions for ...
2025-01-02 20:06:10.111 [info] Getting sessions for read:user,repo,user:email,workflow...
2025-01-02 20:06:10.111 [info] Got 1 sessions for read:user,repo,user:email,workflow...
2025-01-02 20:06:10.237 [info] Getting sessions for all scopes...
2025-01-02 20:06:10.237 [info] Got 2 sessions for ...
2025-01-02 20:06:10.284 [info] Getting sessions for read:user,repo,user:email,workflow...
2025-01-02 20:06:10.284 [info] Got 1 sessions for read:user,repo,user:email,workflow...
2025-01-02 20:06:10.602 [info] Getting sessions for read:user,repo,user:email,workflow...
2025-01-02 20:06:10.602 [info] Got 1 sessions for read:user,repo,user:email,workflow...
2025-01-02 20:06:11.484 [info] Getting sessions for all scopes...
2025-01-02 20:06:11.484 [info] Got 2 sessions for ...
2025-01-02 20:06:11.552 [info] Getting sessions for read:user,repo,user:email,workflow...
2025-01-02 20:06:11.552 [info] Got 1 sessions for read:user,repo,user:email,workflow...
2025-01-02 20:21:11.555 [info] Getting sessions for all scopes...
2025-01-02 20:21:11.555 [info] Got 2 sessions for ...
2025-01-02 20:21:11.557 [info] Getting sessions for read:user,repo,user:email,workflow...
2025-01-02 20:21:11.557 [info] Got 1 sessions for read:user,repo,user:email,workflow...
2025-01-02 20:21:11.558 [info] Getting sessions for all scopes...
2025-01-02 20:21:11.558 [info] Got 2 sessions for ...
2025-01-02 20:21:11.560 [info] Getting sessions for read:user,repo,user:email,workflow...
2025-01-02 20:21:11.560 [info] Got 1 sessions for read:user,repo,user:email,workflow...
2025-01-02 20:31:09.719 [info] Getting sessions for read:user,repo,user:email,workflow...
2025-01-02 20:31:09.719 [info] Got 1 sessions for read:user,repo,user:email,workflow...
2025-01-02 20:31:10.068 [info] Getting sessions for all scopes...
2025-01-02 20:31:10.068 [info] Got 2 sessions for ...
2025-01-02 20:31:10.073 [info] Getting sessions for read:user,repo,user:email,workflow...
2025-01-02 20:31:10.073 [info] Got 1 sessions for read:user,repo,user:email,workflow...
2025-01-02 20:31:10.932 [info] Getting sessions for all scopes...
2025-01-02 20:31:10.933 [info] Got 2 sessions for ...
2025-01-02 20:31:10.933 [info] Getting sessions for all scopes...
2025-01-02 20:31:10.933 [info] Got 2 sessions for ...
2025-01-02 20:31:10.937 [info] Getting sessions for read:user,repo,user:email,workflow...
2025-01-02 20:31:10.937 [info] Got 1 sessions for read:user,repo,user:email,workflow...
2025-01-02 20:31:10.942 [info] Getting sessions for all scopes...
2025-01-02 20:31:10.942 [info] Got 2 sessions for ...
2025-01-02 20:31:10.947 [info] Getting sessions for read:user,repo,user:email,workflow...
2025-01-02 20:31:10.947 [info] Got 1 sessions for read:user,repo,user:email,workflow...
2025-01-02 20:31:10.963 [info] Getting sessions for all scopes...
2025-01-02 20:31:10.963 [info] Got 2 sessions for ...
2025-01-02 20:31:10.966 [info] Getting sessions for read:user,repo,user:email,workflow...
2025-01-02 20:31:10.966 [info] Got 1 sessions for read:user,repo,user:email,workflow...
2025-01-02 20:46:10.973 [info] Getting sessions for all scopes...
2025-01-02 20:46:10.973 [info] Got 2 sessions for ...
2025-01-02 20:46:10.975 [info] Getting sessions for read:user,repo,user:email,workflow...
2025-01-02 20:46:10.975 [info] Got 1 sessions for read:user,repo,user:email,workflow...
2025-01-02 20:46:10.977 [info] Getting sessions for all scopes...
2025-01-02 20:46:10.978 [info] Got 2 sessions for ...
2025-01-02 20:46:10.979 [info] Getting sessions for read:user,repo,user:email,workflow...
2025-01-02 20:46:10.979 [info] Got 1 sessions for read:user,repo,user:email,workflow...
2025-01-02 20:56:10.547 [info] Getting sessions for read:user,repo,user:email,workflow...
2025-01-02 20:56:10.548 [info] Got 1 sessions for read:user,repo,user:email,workflow...
2025-01-02 20:56:10.933 [info] Getting sessions for all scopes...
2025-01-02 20:56:10.933 [info] Got 2 sessions for ...
2025-01-02 20:56:10.938 [info] Getting sessions for read:user,repo,user:email,workflow...
2025-01-02 20:56:10.938 [info] Got 1 sessions for read:user,repo,user:email,workflow...
2025-01-02 20:56:11.834 [info] Getting sessions for all scopes...
2025-01-02 20:56:11.834 [info] Got 2 sessions for ...
2025-01-02 20:56:11.834 [info] Getting sessions for all scopes...
2025-01-02 20:56:11.834 [info] Got 2 sessions for ...
2025-01-02 20:56:11.838 [info] Getting sessions for read:user,repo,user:email,workflow...
2025-01-02 20:56:11.838 [info] Got 1 sessions for read:user,repo,user:email,workflow...
2025-01-02 20:56:11.843 [info] Getting sessions for all scopes...
2025-01-02 20:56:11.843 [info] Got 2 sessions for ...
2025-01-02 20:56:11.848 [info] Getting sessions for read:user,repo,user:email,workflow...
2025-01-02 20:56:11.848 [info] Got 1 sessions for read:user,repo,user:email,workflow...
2025-01-02 20:56:11.860 [info] Getting sessions for all scopes...
2025-01-02 20:56:11.860 [info] Got 2 sessions for ...
2025-01-02 20:56:11.864 [info] Getting sessions for read:user,repo,user:email,workflow...
2025-01-02 20:56:11.864 [info] Got 1 sessions for read:user,repo,user:email,workflow...
2025-01-02 21:11:11.870 [info] Getting sessions for all scopes...
2025-01-02 21:11:11.870 [info] Got 2 sessions for ...
2025-01-02 21:11:11.871 [info] Getting sessions for read:user,repo,user:email,workflow...
2025-01-02 21:11:11.871 [info] Got 1 sessions for read:user,repo,user:email,workflow...
2025-01-02 21:11:11.873 [info] Getting sessions for all scopes...
2025-01-02 21:11:11.873 [info] Got 2 sessions for ...
2025-01-02 21:11:11.874 [info] Getting sessions for read:user,repo,user:email,workflow...
2025-01-02 21:11:11.874 [info] Got 1 sessions for read:user,repo,user:email,workflow...
2025-01-02 21:21:11.008 [info] Getting sessions for read:user,repo,user:email,workflow...
2025-01-02 21:21:11.009 [info] Got 1 sessions for read:user,repo,user:email,workflow...
2025-01-02 21:21:11.831 [info] Getting sessions for all scopes...
2025-01-02 21:21:11.831 [info] Got 2 sessions for ...
2025-01-02 21:21:11.835 [info] Getting sessions for read:user,repo,user:email,workflow...
2025-01-02 21:21:11.835 [info] Got 1 sessions for read:user,repo,user:email,workflow...
2025-01-02 21:21:12.653 [info] Getting sessions for all scopes...
2025-01-02 21:21:12.654 [info] Got 2 sessions for ...
2025-01-02 21:21:12.654 [info] Getting sessions for all scopes...
2025-01-02 21:21:12.654 [info] Got 2 sessions for ...
2025-01-02 21:21:12.657 [info] Getting sessions for read:user,repo,user:email,workflow...
2025-01-02 21:21:12.657 [info] Got 1 sessions for read:user,repo,user:email,workflow...
2025-01-02 21:21:12.662 [info] Getting sessions for all scopes...
2025-01-02 21:21:12.662 [info] Got 2 sessions for ...
2025-01-02 21:21:12.666 [info] Getting sessions for read:user,repo,user:email,workflow...
2025-01-02 21:21:12.666 [info] Got 1 sessions for read:user,repo,user:email,workflow...
2025-01-02 21:21:12.681 [info] Getting sessions for all scopes...
2025-01-02 21:21:12.681 [info] Got 2 sessions for ...
2025-01-02 21:21:12.684 [info] Getting sessions for read:user,repo,user:email,workflow...
2025-01-02 21:21:12.684 [info] Got 1 sessions for read:user,repo,user:email,workflow...
2025-01-02 23:00:33.848 [info] Getting sessions for all scopes...
2025-01-02 23:00:33.848 [info] Got 2 sessions for ...
2025-01-02 23:00:33.852 [info] Getting sessions for read:user,repo,user:email,workflow...
2025-01-02 23:00:33.852 [info] Got 1 sessions for read:user,repo,user:email,workflow...
2025-01-02 23:00:33.856 [info] Getting sessions for all scopes...
2025-01-02 23:00:33.856 [info] Got 2 sessions for ...
2025-01-02 23:00:33.860 [info] Getting sessions for read:user,repo,user:email,workflow...
2025-01-02 23:00:33.860 [info] Got 1 sessions for read:user,repo,user:email,workflow...
2025-01-02 23:00:34.671 [info] Getting sessions for all scopes...
2025-01-02 23:00:34.671 [info] Got 2 sessions for ...
2025-01-02 23:00:34.672 [info] Getting sessions for all scopes...
2025-01-02 23:00:34.672 [info] Got 2 sessions for ...
2025-01-02 23:00:34.674 [info] Getting sessions for read:user,repo,user:email,workflow...
2025-01-02 23:00:34.674 [info] Got 1 sessions for read:user,repo,user:email,workflow...
2025-01-02 23:00:34.677 [info] Getting sessions for all scopes...
2025-01-02 23:00:34.678 [info] Got 2 sessions for ...
2025-01-02 23:00:34.680 [info] Getting sessions for read:user,repo,user:email,workflow...
2025-01-02 23:00:34.680 [info] Got 1 sessions for read:user,repo,user:email,workflow...
2025-01-02 23:00:34.682 [info] Getting sessions for all scopes...
2025-01-02 23:00:34.682 [info] Got 2 sessions for ...
2025-01-02 23:00:34.684 [info] Getting sessions for read:user,repo,user:email,workflow...
2025-01-02 23:00:34.684 [info] Got 1 sessions for read:user,repo,user:email,workflow...
2025-01-02 23:00:35.736 [info] Getting sessions for all scopes...
2025-01-02 23:00:35.736 [info] Got 2 sessions for ...
2025-01-02 23:00:35.737 [info] Getting sessions for read:user,repo,user:email,workflow...
2025-01-02 23:00:35.737 [info] Got 1 sessions for read:user,repo,user:email,workflow...
2025-01-02 23:01:53.482 [info] Getting sessions for read:user,repo,user:email,workflow...
2025-01-02 23:01:53.482 [info] Got 1 sessions for read:user,repo,user:email,workflow...
2025-01-02 23:10:32.670 [info] Getting sessions for read:user,repo,user:email,workflow...
2025-01-02 23:10:32.670 [info] Got 1 sessions for read:user,repo,user:email,workflow...
2025-01-02 23:15:35.743 [info] Getting sessions for all scopes...
2025-01-02 23:15:35.743 [info] Got 2 sessions for ...
2025-01-02 23:15:35.748 [info] Getting sessions for read:user,repo,user:email,workflow...
2025-01-02 23:15:35.748 [info] Got 1 sessions for read:user,repo,user:email,workflow...
2025-01-02 23:15:35.753 [info] Getting sessions for all scopes...
2025-01-02 23:15:35.753 [info] Got 2 sessions for ...
2025-01-02 23:15:35.757 [info] Getting sessions for read:user,repo,user:email,workflow...
2025-01-02 23:15:35.757 [info] Got 1 sessions for read:user,repo,user:email,workflow...
