2025-01-02 20:06:30.872 [info] Reading sessions from keychain...
2025-01-02 20:06:30.872 [info] Getting sessions for all scopes...
2025-01-02 20:06:30.872 [info] Getting sessions for all scopes...
2025-01-02 20:06:30.872 [info] Getting sessions for all scopes...
2025-01-02 20:06:30.872 [info] Got stored sessions!
2025-01-02 20:06:30.872 [info] Got 2 verified sessions.
2025-01-02 20:06:30.872 [info] Got 2 sessions for ...
2025-01-02 20:06:30.872 [info] Got 2 sessions for ...
2025-01-02 20:06:30.872 [info] Got 2 sessions for ...
2025-01-02 20:06:30.905 [info] Getting sessions for user:email...
2025-01-02 20:06:30.905 [info] Got 1 sessions for user:email...
2025-01-02 20:06:30.905 [info] Getting sessions for all scopes...
2025-01-02 20:06:30.905 [info] Got 2 sessions for ...
2025-01-02 20:06:30.905 [info] Getting sessions for all scopes...
2025-01-02 20:06:30.905 [info] Got 2 sessions for ...
2025-01-02 20:06:30.906 [info] Getting sessions for all scopes...
2025-01-02 20:06:30.906 [info] Got 2 sessions for ...
2025-01-02 20:06:30.906 [info] Getting sessions for all scopes...
2025-01-02 20:06:30.906 [info] Got 2 sessions for ...
2025-01-02 20:06:30.906 [info] Getting sessions for all scopes...
2025-01-02 20:06:30.906 [info] Got 2 sessions for ...
2025-01-02 20:06:33.870 [info] Getting sessions for all scopes...
2025-01-02 20:06:33.870 [info] Got 2 sessions for ...
2025-01-02 20:06:33.997 [info] Getting sessions for read:user,repo,user:email,workflow...
2025-01-02 20:06:33.997 [info] Got 1 sessions for read:user,repo,user:email,workflow...
2025-01-02 20:06:33.997 [info] Getting sessions for all scopes...
2025-01-02 20:06:33.997 [info] Got 2 sessions for ...
2025-01-02 20:06:33.997 [info] Getting sessions for all scopes...
2025-01-02 20:06:33.997 [info] Got 2 sessions for ...
2025-01-02 20:06:34.084 [info] Getting sessions for project,read:org,read:user,repo,user:email,workflow...
2025-01-02 20:06:34.084 [info] Got 0 sessions for project,read:org,read:user,repo,user:email,workflow...
2025-01-02 20:06:34.087 [info] Getting sessions for read:user,repo,user:email,workflow...
2025-01-02 20:06:34.087 [info] Got 1 sessions for read:user,repo,user:email,workflow...
2025-01-02 20:06:34.126 [info] Getting sessions for read:user,repo,user:email,workflow...
2025-01-02 20:06:34.126 [info] Got 1 sessions for read:user,repo,user:email,workflow...
2025-01-02 20:06:34.138 [info] Getting sessions for all scopes...
2025-01-02 20:06:34.138 [info] Got 2 sessions for ...
2025-01-02 20:06:36.092 [info] Getting sessions for read:user,repo,user:email,workflow...
2025-01-02 20:06:36.092 [info] Got 1 sessions for read:user,repo,user:email,workflow...
2025-01-02 20:06:36.487 [info] Getting sessions for all scopes...
2025-01-02 20:06:36.487 [info] Got 2 sessions for ...
2025-01-02 20:06:36.587 [info] Getting sessions for read:user,repo,user:email,workflow...
2025-01-02 20:06:36.587 [info] Got 1 sessions for read:user,repo,user:email,workflow...
2025-01-02 20:06:36.964 [info] Getting sessions for read:user,repo,user:email,workflow...
2025-01-02 20:06:36.964 [info] Got 1 sessions for read:user,repo,user:email,workflow...
2025-01-02 20:06:37.456 [info] Getting sessions for read:user,repo,user:email,workflow...
2025-01-02 20:06:37.456 [info] Got 1 sessions for read:user,repo,user:email,workflow...
2025-01-02 20:06:37.570 [info] Getting sessions for all scopes...
2025-01-02 20:06:37.570 [info] Got 2 sessions for ...
2025-01-02 20:06:37.570 [info] Getting sessions for all scopes...
2025-01-02 20:06:37.570 [info] Got 2 sessions for ...
2025-01-02 20:06:37.581 [info] Getting sessions for read:user,repo,user:email,workflow...
2025-01-02 20:06:37.581 [info] Got 1 sessions for read:user,repo,user:email,workflow...
2025-01-02 20:06:37.584 [info] Getting sessions for all scopes...
2025-01-02 20:06:37.584 [info] Got 2 sessions for ...
2025-01-02 20:06:37.585 [info] Getting sessions for read:user,repo,user:email,workflow...
2025-01-02 20:06:37.585 [info] Got 1 sessions for read:user,repo,user:email,workflow...
2025-01-02 20:06:37.656 [info] Getting sessions for all scopes...
2025-01-02 20:06:37.656 [info] Got 2 sessions for ...
2025-01-02 20:06:37.668 [info] Getting sessions for read:user,repo,user:email,workflow...
2025-01-02 20:06:37.668 [info] Got 1 sessions for read:user,repo,user:email,workflow...
2025-01-02 20:06:38.464 [info] Getting sessions for all scopes...
2025-01-02 20:06:38.464 [info] Got 2 sessions for ...
2025-01-02 20:06:38.480 [info] Getting sessions for read:user,repo,user:email,workflow...
2025-01-02 20:06:38.480 [info] Got 1 sessions for read:user,repo,user:email,workflow...
