2025-01-02 17:03:43.120 [info] Reading sessions from keychain...
2025-01-02 17:03:43.120 [info] Getting sessions for all scopes...
2025-01-02 17:03:43.120 [info] Getting sessions for all scopes...
2025-01-02 17:03:43.120 [info] Getting sessions for all scopes...
2025-01-02 17:03:43.120 [info] Getting sessions for all scopes...
2025-01-02 17:03:43.120 [info] Getting sessions for all scopes...
2025-01-02 17:03:43.120 [info] Getting sessions for all scopes...
2025-01-02 17:03:43.120 [info] Getting sessions for all scopes...
2025-01-02 17:03:43.157 [info] Got 0 sessions for ...
2025-01-02 17:03:43.157 [info] Got 0 sessions for ...
2025-01-02 17:03:43.157 [info] Got 0 sessions for ...
2025-01-02 17:03:43.157 [info] Got 0 sessions for ...
2025-01-02 17:03:43.157 [info] Got 0 sessions for ...
2025-01-02 17:03:43.157 [info] Got 0 sessions for ...
2025-01-02 17:03:43.157 [info] Got 0 sessions for ...
2025-01-02 17:03:43.482 [info] Getting sessions for all scopes...
2025-01-02 17:03:43.482 [info] Got 0 sessions for ...
2025-01-02 17:03:46.968 [info] Getting sessions for user:email...
2025-01-02 17:03:46.968 [info] Got 0 sessions for user:email...
2025-01-02 17:03:48.759 [info] Getting sessions for all scopes...
2025-01-02 17:03:48.759 [info] Got 0 sessions for ...
2025-01-02 17:03:49.821 [info] Getting sessions for read:user,repo,user:email,workflow...
2025-01-02 17:03:49.821 [info] Got 0 sessions for read:user,repo,user:email,workflow...
2025-01-02 17:03:49.821 [info] Getting sessions for all scopes...
2025-01-02 17:03:49.821 [info] Got 0 sessions for ...
2025-01-02 17:03:49.821 [info] Getting sessions for all scopes...
2025-01-02 17:03:49.822 [info] Got 0 sessions for ...
2025-01-02 17:03:50.454 [info] Getting sessions for project,read:org,read:user,repo,user:email,workflow...
2025-01-02 17:03:50.454 [info] Got 0 sessions for project,read:org,read:user,repo,user:email,workflow...
2025-01-02 17:03:50.976 [info] Getting sessions for read:user...
2025-01-02 17:03:50.978 [info] Got 0 sessions for read:user...
2025-01-02 17:03:50.980 [info] Getting sessions for user:email...
2025-01-02 17:03:50.980 [info] Got 0 sessions for user:email...
2025-01-02 17:03:51.361 [info] Getting sessions for read:user,repo,user:email,workflow...
2025-01-02 17:03:51.362 [info] Got 0 sessions for read:user,repo,user:email,workflow...
2025-01-02 17:03:52.061 [info] Getting sessions for read:user,repo,user:email,workflow...
2025-01-02 17:03:52.061 [info] Got 0 sessions for read:user,repo,user:email,workflow...
2025-01-02 17:03:53.054 [info] Getting sessions for user:email...
2025-01-02 17:03:53.055 [info] Got 0 sessions for user:email...
2025-01-02 17:03:53.055 [info] Getting sessions for all scopes...
2025-01-02 17:03:53.055 [info] Got 0 sessions for ...
2025-01-02 17:03:53.148 [info] Getting sessions for read:user,repo,user:email,workflow...
2025-01-02 17:03:53.149 [info] Got 0 sessions for read:user,repo,user:email,workflow...
2025-01-02 17:03:53.149 [info] Getting sessions for all scopes...
2025-01-02 17:03:53.149 [info] Got 0 sessions for ...
2025-01-02 17:03:53.630 [info] Getting sessions for read:user,repo,user:email...
2025-01-02 17:03:53.630 [info] Got 0 sessions for read:user,repo,user:email...
2025-01-02 17:03:53.759 [info] Getting sessions for read:user,repo,user:email,workflow...
2025-01-02 17:03:53.759 [info] Got 0 sessions for read:user,repo,user:email,workflow...
2025-01-02 17:03:53.760 [info] Getting sessions for user:email...
2025-01-02 17:03:53.760 [info] Got 0 sessions for user:email...
2025-01-02 17:03:53.938 [info] Getting sessions for read:user,repo,user:email,workflow...
2025-01-02 17:03:53.938 [info] Got 0 sessions for read:user,repo,user:email,workflow...
2025-01-02 17:03:54.109 [info] Getting sessions for all scopes...
2025-01-02 17:03:54.109 [info] Got 0 sessions for ...
2025-01-02 17:03:54.109 [info] Getting sessions for read:user...
2025-01-02 17:03:54.109 [info] Got 0 sessions for read:user...
2025-01-02 17:04:07.130 [info] Getting sessions for all scopes...
2025-01-02 17:04:07.130 [info] Got 0 sessions for ...
2025-01-02 17:04:08.442 [info] Getting sessions for read:user,repo,user:email,workflow...
2025-01-02 17:04:08.442 [info] Got 0 sessions for read:user,repo,user:email,workflow...
2025-01-02 17:04:08.444 [info] Getting sessions for user:email...
2025-01-02 17:04:08.444 [info] Got 0 sessions for user:email...
2025-01-02 17:04:08.445 [info] Getting sessions for user:email...
2025-01-02 17:04:08.445 [info] Got 0 sessions for user:email...
2025-01-02 17:04:08.975 [info] Getting sessions for all scopes...
2025-01-02 17:04:08.975 [info] Got 0 sessions for ...
2025-01-02 17:04:09.785 [info] Getting sessions for user:email...
2025-01-02 17:04:09.785 [info] Got 0 sessions for user:email...
2025-01-02 17:04:09.913 [info] Getting sessions for all scopes...
2025-01-02 17:04:09.913 [info] Got 0 sessions for ...
2025-01-02 17:04:09.993 [info] Getting sessions for user:email...
2025-01-02 17:04:09.993 [info] Got 0 sessions for user:email...
2025-01-02 17:04:10.050 [info] Getting sessions for read:user,repo,user:email,workflow...
2025-01-02 17:04:10.050 [info] Got 0 sessions for read:user,repo,user:email,workflow...
2025-01-02 17:15:12.708 [info] Getting sessions for read:user,repo,user:email,workflow...
2025-01-02 17:15:12.708 [info] Got 0 sessions for read:user,repo,user:email,workflow...
2025-01-02 17:15:12.713 [info] Getting sessions for read:user...
2025-01-02 17:15:12.713 [info] Got 0 sessions for read:user...
2025-01-02 17:15:12.717 [info] Getting sessions for user:email...
2025-01-02 17:15:12.717 [info] Got 0 sessions for user:email...
2025-01-02 17:15:14.278 [info] Logging in with 'any' account...
2025-01-02 17:15:14.279 [info] Logging in for the following scopes: user:email
2025-01-02 17:15:14.308 [info] Trying without local server... (user:email)
2025-01-02 17:15:25.742 [info] Exchanging code for token...
2025-01-02 17:15:26.130 [info] Token exchange success!
2025-01-02 17:15:26.134 [info] Getting user info...
2025-01-02 17:15:26.599 [info] Got account info!
2025-01-02 17:15:26.600 [info] Storing 1 sessions...
2025-01-02 17:15:26.608 [info] Reading sessions from keychain...
2025-01-02 17:15:26.608 [info] Stored 1 sessions!
2025-01-02 17:15:26.608 [info] Login success!
2025-01-02 17:15:26.630 [info] Got stored sessions!
2025-01-02 17:15:26.630 [info] Got 1 verified sessions.
2025-01-02 17:15:26.630 [info] Getting sessions for all scopes...
2025-01-02 17:15:26.630 [info] Got 1 sessions for ...
2025-01-02 17:15:26.633 [info] Getting sessions for user:email...
2025-01-02 17:15:26.633 [info] Got 1 sessions for user:email...
2025-01-02 17:15:26.633 [info] Getting sessions for all scopes...
2025-01-02 17:15:26.633 [info] Got 1 sessions for ...
2025-01-02 17:15:26.634 [info] Getting sessions for user:email...
2025-01-02 17:15:26.634 [info] Got 1 sessions for user:email...
2025-01-02 17:15:26.647 [info] Getting sessions for all scopes...
2025-01-02 17:15:26.647 [info] Got 1 sessions for ...
2025-01-02 17:15:26.648 [info] Getting sessions for all scopes...
2025-01-02 17:15:26.648 [info] Got 1 sessions for ...
2025-01-02 17:15:26.648 [info] Getting sessions for project,read:org,read:user,repo,user:email,workflow...
2025-01-02 17:15:26.648 [info] Got 0 sessions for project,read:org,read:user,repo,user:email,workflow...
2025-01-02 17:15:26.648 [info] Getting sessions for read:user,repo,user:email,workflow...
2025-01-02 17:15:26.648 [info] Got 0 sessions for read:user,repo,user:email,workflow...
2025-01-02 17:15:26.649 [info] Getting sessions for read:user,repo,user:email,workflow...
2025-01-02 17:15:26.649 [info] Got 0 sessions for read:user,repo,user:email,workflow...
2025-01-02 17:15:26.649 [info] Getting sessions for read:user,repo,user:email,workflow...
2025-01-02 17:15:26.649 [info] Got 0 sessions for read:user,repo,user:email,workflow...
2025-01-02 17:15:26.653 [info] Getting sessions for read:user,repo,user:email,workflow...
2025-01-02 17:15:26.653 [info] Got 0 sessions for read:user,repo,user:email,workflow...
2025-01-02 17:15:26.653 [info] Getting sessions for read:user,repo,user:email,workflow...
2025-01-02 17:15:26.653 [info] Got 0 sessions for read:user,repo,user:email,workflow...
2025-01-02 17:15:26.653 [info] Getting sessions for read:user...
2025-01-02 17:15:26.653 [info] Got 0 sessions for read:user...
2025-01-02 17:15:26.654 [info] Getting sessions for user:email...
2025-01-02 17:15:26.654 [info] Got 1 sessions for user:email...
2025-01-02 17:15:26.655 [info] Getting sessions for read:user,repo,user:email...
2025-01-02 17:15:26.655 [info] Got 0 sessions for read:user,repo,user:email...
2025-01-02 17:15:26.655 [info] Getting sessions for user:email...
2025-01-02 17:15:26.655 [info] Got 1 sessions for user:email...
2025-01-02 17:15:26.693 [info] Getting sessions for all scopes...
2025-01-02 17:15:26.693 [info] Got 1 sessions for ...
2025-01-02 17:15:26.694 [info] Getting sessions for read:user,repo,user:email,workflow...
2025-01-02 17:15:26.694 [info] Got 0 sessions for read:user,repo,user:email,workflow...
2025-01-02 17:15:26.695 [info] Getting sessions for read:user,repo,user:email,workflow...
2025-01-02 17:15:26.695 [info] Got 0 sessions for read:user,repo,user:email,workflow...
2025-01-02 17:15:26.695 [info] Getting sessions for project,read:org,read:user,repo,user:email,workflow...
2025-01-02 17:15:26.695 [info] Got 0 sessions for project,read:org,read:user,repo,user:email,workflow...
2025-01-02 17:15:26.696 [info] Getting sessions for user:email...
2025-01-02 17:15:26.696 [info] Got 1 sessions for user:email...
2025-01-02 17:15:26.696 [info] Getting sessions for read:user,repo,user:email,workflow...
2025-01-02 17:15:26.696 [info] Got 0 sessions for read:user,repo,user:email,workflow...
2025-01-02 17:15:26.701 [info] Getting sessions for all scopes...
2025-01-02 17:15:26.701 [info] Got 1 sessions for ...
2025-01-02 17:15:26.701 [info] Getting sessions for read:user,repo,user:email...
2025-01-02 17:15:26.702 [info] Got 0 sessions for read:user,repo,user:email...
2025-01-02 17:15:26.703 [info] Getting sessions for read:user,repo,user:email,workflow...
2025-01-02 17:15:26.703 [info] Got 0 sessions for read:user,repo,user:email,workflow...
2025-01-02 17:15:26.704 [info] Getting sessions for read:user,repo,user:email,workflow...
2025-01-02 17:15:26.704 [info] Got 0 sessions for read:user,repo,user:email,workflow...
2025-01-02 17:15:26.729 [info] Getting sessions for user:email...
2025-01-02 17:15:26.729 [info] Got 1 sessions for user:email...
2025-01-02 17:15:27.564 [info] Getting sessions for all scopes...
2025-01-02 17:15:27.564 [info] Got 1 sessions for ...
2025-01-02 17:15:27.565 [info] Getting sessions for all scopes...
2025-01-02 17:15:27.565 [info] Got 1 sessions for ...
2025-01-02 17:15:27.567 [info] Getting sessions for read:user,repo,user:email,workflow...
2025-01-02 17:15:27.567 [info] Got 0 sessions for read:user,repo,user:email,workflow...
2025-01-02 17:15:27.568 [info] Getting sessions for user:email...
2025-01-02 17:15:27.568 [info] Got 1 sessions for user:email...
2025-01-02 17:15:27.569 [info] Getting sessions for all scopes...
2025-01-02 17:15:27.569 [info] Got 1 sessions for ...
2025-01-02 17:15:27.571 [info] Getting sessions for read:user,repo,user:email,workflow...
2025-01-02 17:15:27.571 [info] Got 0 sessions for read:user,repo,user:email,workflow...
2025-01-02 17:15:27.572 [info] Getting sessions for user:email...
2025-01-02 17:15:27.572 [info] Got 1 sessions for user:email...
2025-01-02 17:15:27.677 [info] Getting sessions for all scopes...
2025-01-02 17:15:27.677 [info] Got 1 sessions for ...
2025-01-02 17:15:27.727 [info] Getting sessions for read:user,repo,user:email,workflow...
2025-01-02 17:15:27.727 [info] Got 0 sessions for read:user,repo,user:email,workflow...
2025-01-02 17:15:27.733 [info] Getting sessions for user:email...
2025-01-02 17:15:27.733 [info] Got 1 sessions for user:email...
2025-01-02 17:15:27.752 [info] Getting sessions for all scopes...
2025-01-02 17:15:27.752 [info] Got 1 sessions for ...
2025-01-02 17:15:27.754 [info] Getting sessions for read:user,repo,user:email,workflow...
2025-01-02 17:15:27.754 [info] Got 0 sessions for read:user,repo,user:email,workflow...
2025-01-02 17:15:27.756 [info] Getting sessions for user:email...
2025-01-02 17:15:27.756 [info] Got 1 sessions for user:email...
2025-01-02 17:15:27.926 [info] Getting sessions for all scopes...
2025-01-02 17:15:27.926 [info] Got 1 sessions for ...
2025-01-02 17:15:27.927 [info] Getting sessions for read:user,repo,user:email,workflow...
2025-01-02 17:15:27.927 [info] Got 0 sessions for read:user,repo,user:email,workflow...
2025-01-02 17:15:27.928 [info] Getting sessions for all scopes...
2025-01-02 17:15:27.928 [info] Got 1 sessions for ...
2025-01-02 17:15:27.930 [info] Getting sessions for read:user,repo,user:email,workflow...
2025-01-02 17:15:27.930 [info] Got 0 sessions for read:user,repo,user:email,workflow...
2025-01-02 17:16:56.122 [info] Logging in with 'any' account...
2025-01-02 17:16:56.122 [info] Logging in for the following scopes: read:user repo user:email workflow
2025-01-02 17:16:56.127 [info] Trying without local server... (read:user repo user:email workflow)
2025-01-02 17:17:03.079 [info] Exchanging code for token...
2025-01-02 17:17:03.512 [info] Token exchange success!
2025-01-02 17:17:03.513 [info] Getting user info...
2025-01-02 17:17:04.124 [info] Got account info!
2025-01-02 17:17:04.125 [info] Storing 2 sessions...
2025-01-02 17:17:04.126 [info] Reading sessions from keychain...
2025-01-02 17:17:04.126 [info] Stored 2 sessions!
2025-01-02 17:17:04.126 [info] Login success!
2025-01-02 17:17:04.126 [info] Got stored sessions!
2025-01-02 17:17:04.126 [info] Got 2 verified sessions.
2025-01-02 17:17:04.126 [info] Getting sessions for all scopes...
2025-01-02 17:17:04.126 [info] Got 2 sessions for ...
2025-01-02 17:17:04.128 [info] Getting sessions for user:email...
2025-01-02 17:17:04.128 [info] Got 1 sessions for user:email...
2025-01-02 17:17:04.161 [info] Getting sessions for all scopes...
2025-01-02 17:17:04.161 [info] Got 2 sessions for ...
2025-01-02 17:17:04.161 [info] Getting sessions for user:email...
2025-01-02 17:17:04.161 [info] Got 1 sessions for user:email...
2025-01-02 17:17:04.165 [info] Getting sessions for all scopes...
2025-01-02 17:17:04.165 [info] Got 2 sessions for ...
2025-01-02 17:17:04.166 [info] Getting sessions for all scopes...
2025-01-02 17:17:04.166 [info] Got 2 sessions for ...
2025-01-02 17:17:04.166 [info] Getting sessions for project,read:org,read:user,repo,user:email,workflow...
2025-01-02 17:17:04.166 [info] Got 0 sessions for project,read:org,read:user,repo,user:email,workflow...
2025-01-02 17:17:04.166 [info] Getting sessions for read:user,repo,user:email,workflow...
2025-01-02 17:17:04.166 [info] Got 1 sessions for read:user,repo,user:email,workflow...
2025-01-02 17:17:04.166 [info] Getting sessions for read:user,repo,user:email,workflow...
2025-01-02 17:17:04.166 [info] Got 1 sessions for read:user,repo,user:email,workflow...
2025-01-02 17:17:04.167 [info] Getting sessions for read:user,repo,user:email,workflow...
2025-01-02 17:17:04.167 [info] Got 1 sessions for read:user,repo,user:email,workflow...
2025-01-02 17:17:04.240 [info] Getting sessions for read:user,repo,user:email,workflow...
2025-01-02 17:17:04.240 [info] Got 1 sessions for read:user,repo,user:email,workflow...
2025-01-02 17:17:04.240 [info] Getting sessions for read:user,repo,user:email,workflow...
2025-01-02 17:17:04.240 [info] Got 1 sessions for read:user,repo,user:email,workflow...
2025-01-02 17:17:04.321 [info] Getting sessions for all scopes...
2025-01-02 17:17:04.321 [info] Got 2 sessions for ...
2025-01-02 17:17:04.322 [info] Getting sessions for read:user,repo,user:email,workflow...
2025-01-02 17:17:04.322 [info] Got 1 sessions for read:user,repo,user:email,workflow...
2025-01-02 17:17:04.341 [info] Getting sessions for all scopes...
2025-01-02 17:17:04.341 [info] Got 2 sessions for ...
2025-01-02 17:17:04.342 [info] Getting sessions for read:user,repo,user:email,workflow...
2025-01-02 17:17:04.342 [info] Got 1 sessions for read:user,repo,user:email,workflow...
2025-01-02 17:17:04.774 [info] Getting sessions for read:user,repo,user:email,workflow...
2025-01-02 17:17:04.774 [info] Got 1 sessions for read:user,repo,user:email,workflow...
2025-01-02 17:17:05.209 [info] Getting sessions for all scopes...
2025-01-02 17:17:05.209 [info] Got 2 sessions for ...
2025-01-02 17:17:05.209 [info] Getting sessions for all scopes...
2025-01-02 17:17:05.209 [info] Got 2 sessions for ...
2025-01-02 17:17:05.211 [info] Getting sessions for read:user,repo,user:email,workflow...
2025-01-02 17:17:05.211 [info] Got 1 sessions for read:user,repo,user:email,workflow...
2025-01-02 17:17:05.213 [info] Getting sessions for all scopes...
2025-01-02 17:17:05.213 [info] Got 2 sessions for ...
2025-01-02 17:17:05.214 [info] Getting sessions for read:user,repo,user:email,workflow...
2025-01-02 17:17:05.214 [info] Got 1 sessions for read:user,repo,user:email,workflow...
2025-01-02 17:17:05.217 [info] Getting sessions for all scopes...
2025-01-02 17:17:05.217 [info] Got 2 sessions for ...
2025-01-02 17:17:05.219 [info] Getting sessions for read:user,repo,user:email,workflow...
2025-01-02 17:17:05.219 [info] Got 1 sessions for read:user,repo,user:email,workflow...
2025-01-02 17:17:45.567 [info] Getting sessions for all scopes...
2025-01-02 17:17:45.568 [info] Got 2 sessions for ...
2025-01-02 17:17:45.572 [info] Getting sessions for read:user,repo,user:email,workflow...
2025-01-02 17:17:45.573 [info] Got 1 sessions for read:user,repo,user:email,workflow...
2025-01-02 17:17:46.811 [info] Getting sessions for all scopes...
2025-01-02 17:17:46.811 [info] Got 2 sessions for ...
2025-01-02 17:17:46.816 [info] Getting sessions for read:user,repo,user:email,workflow...
2025-01-02 17:17:46.816 [info] Got 1 sessions for read:user,repo,user:email,workflow...
2025-01-02 17:17:50.326 [info] Getting sessions for all scopes...
2025-01-02 17:17:50.326 [info] Got 2 sessions for ...
2025-01-02 17:17:50.328 [info] Getting sessions for read:user,repo,user:email,workflow...
2025-01-02 17:17:50.328 [info] Got 1 sessions for read:user,repo,user:email,workflow...
