2025-01-02 17:20:48.669 [info] Reading sessions from keychain...
2025-01-02 17:20:48.669 [info] Getting sessions for all scopes...
2025-01-02 17:20:48.669 [info] Getting sessions for all scopes...
2025-01-02 17:20:48.669 [info] Getting sessions for all scopes...
2025-01-02 17:20:48.669 [info] Getting sessions for all scopes...
2025-01-02 17:20:48.669 [info] Getting sessions for all scopes...
2025-01-02 17:20:48.669 [info] Getting sessions for all scopes...
2025-01-02 17:20:48.669 [info] Getting sessions for all scopes...
2025-01-02 17:20:48.669 [info] Got 0 sessions for ...
2025-01-02 17:20:48.669 [info] Got 0 sessions for ...
2025-01-02 17:20:48.669 [info] Got 0 sessions for ...
2025-01-02 17:20:48.669 [info] Got 0 sessions for ...
2025-01-02 17:20:48.669 [info] Got 0 sessions for ...
2025-01-02 17:20:48.669 [info] Got 0 sessions for ...
2025-01-02 17:20:48.669 [info] Got 0 sessions for ...
2025-01-02 17:20:48.768 [info] Getting sessions for all scopes...
2025-01-02 17:20:48.768 [info] Got 0 sessions for ...
2025-01-02 17:20:49.501 [info] Getting sessions for user:email...
2025-01-02 17:20:49.502 [info] Got 0 sessions for user:email...
2025-01-02 17:20:52.204 [info] Getting sessions for all scopes...
2025-01-02 17:20:52.204 [info] Got 0 sessions for ...
2025-01-02 17:20:52.398 [info] Getting sessions for read:user,repo,user:email,workflow...
2025-01-02 17:20:52.399 [info] Got 0 sessions for read:user,repo,user:email,workflow...
2025-01-02 17:20:52.399 [info] Getting sessions for all scopes...
2025-01-02 17:20:52.399 [info] Got 0 sessions for ...
2025-01-02 17:20:52.399 [info] Getting sessions for all scopes...
2025-01-02 17:20:52.399 [info] Got 0 sessions for ...
2025-01-02 17:20:52.464 [info] Getting sessions for project,read:org,read:user,repo,user:email,workflow...
2025-01-02 17:20:52.464 [info] Got 0 sessions for project,read:org,read:user,repo,user:email,workflow...
2025-01-02 17:20:52.480 [info] Getting sessions for read:user...
2025-01-02 17:20:52.480 [info] Got 0 sessions for read:user...
2025-01-02 17:20:52.480 [info] Getting sessions for user:email...
2025-01-02 17:20:52.480 [info] Got 0 sessions for user:email...
2025-01-02 17:20:52.495 [info] Getting sessions for read:user,repo,user:email,workflow...
2025-01-02 17:20:52.495 [info] Got 0 sessions for read:user,repo,user:email,workflow...
2025-01-02 17:20:52.586 [info] Getting sessions for read:user,repo,user:email,workflow...
2025-01-02 17:20:52.586 [info] Got 0 sessions for read:user,repo,user:email,workflow...
2025-01-02 17:20:52.670 [info] Getting sessions for user:email...
2025-01-02 17:20:52.670 [info] Got 0 sessions for user:email...
2025-01-02 17:20:52.671 [info] Getting sessions for all scopes...
2025-01-02 17:20:52.671 [info] Got 0 sessions for ...
2025-01-02 17:20:52.671 [info] Getting sessions for all scopes...
2025-01-02 17:20:52.671 [info] Got 0 sessions for ...
2025-01-02 17:20:52.819 [info] Getting sessions for read:user,repo,user:email...
2025-01-02 17:20:52.819 [info] Got 0 sessions for read:user,repo,user:email...
2025-01-02 17:20:52.820 [info] Getting sessions for read:user,repo,user:email,workflow...
2025-01-02 17:20:52.820 [info] Got 0 sessions for read:user,repo,user:email,workflow...
2025-01-02 17:20:52.884 [info] Getting sessions for read:user,repo,user:email,workflow...
2025-01-02 17:20:52.884 [info] Got 0 sessions for read:user,repo,user:email,workflow...
2025-01-02 17:20:52.884 [info] Getting sessions for user:email...
2025-01-02 17:20:52.884 [info] Got 0 sessions for user:email...
2025-01-02 17:20:52.944 [info] Getting sessions for read:user,repo,user:email,workflow...
2025-01-02 17:20:52.944 [info] Got 0 sessions for read:user,repo,user:email,workflow...
2025-01-02 17:20:52.989 [info] Getting sessions for read:user...
2025-01-02 17:20:52.989 [info] Got 0 sessions for read:user...
2025-01-02 17:20:52.990 [info] Getting sessions for all scopes...
2025-01-02 17:20:52.990 [info] Got 0 sessions for ...
2025-01-02 17:20:55.269 [info] Getting sessions for all scopes...
2025-01-02 17:20:55.269 [info] Got 0 sessions for ...
2025-01-02 17:20:55.302 [info] Logging in with 'any' account...
2025-01-02 17:20:55.302 [info] Logging in for the following scopes: user:email
2025-01-02 17:20:55.326 [info] Getting sessions for user:email...
2025-01-02 17:20:55.326 [info] Got 0 sessions for user:email...
2025-01-02 17:20:55.326 [info] Getting sessions for user:email...
2025-01-02 17:20:55.326 [info] Got 0 sessions for user:email...
2025-01-02 17:20:55.372 [info] Trying without local server... (user:email)
2025-01-02 17:20:55.373 [info] Getting sessions for read:user,repo,user:email,workflow...
2025-01-02 17:20:55.373 [info] Got 0 sessions for read:user,repo,user:email,workflow...
2025-01-02 17:20:55.413 [info] Getting sessions for all scopes...
2025-01-02 17:20:55.414 [info] Got 0 sessions for ...
2025-01-02 17:20:55.803 [info] Getting sessions for user:email...
2025-01-02 17:20:55.803 [info] Got 0 sessions for user:email...
2025-01-02 17:20:55.817 [info] Getting sessions for all scopes...
2025-01-02 17:20:55.817 [info] Got 0 sessions for ...
2025-01-02 17:20:55.856 [info] Getting sessions for user:email...
2025-01-02 17:20:55.856 [info] Got 0 sessions for user:email...
2025-01-02 17:20:55.894 [info] Getting sessions for read:user,repo,user:email,workflow...
2025-01-02 17:20:55.894 [info] Got 0 sessions for read:user,repo,user:email,workflow...
2025-01-02 17:21:04.536 [info] Exchanging code for token...
2025-01-02 17:21:04.975 [info] Token exchange success!
2025-01-02 17:21:04.976 [info] Getting user info...
2025-01-02 17:21:05.528 [info] Got account info!
2025-01-02 17:21:05.528 [info] Storing 1 sessions...
2025-01-02 17:21:05.531 [info] Reading sessions from keychain...
2025-01-02 17:21:05.532 [info] Stored 1 sessions!
2025-01-02 17:21:05.532 [info] Login success!
2025-01-02 17:21:05.549 [info] Getting sessions for all scopes...
2025-01-02 17:21:05.552 [info] Getting sessions for user:email...
2025-01-02 17:21:05.552 [info] Getting sessions for user:email...
2025-01-02 17:21:05.552 [info] Got stored sessions!
2025-01-02 17:21:05.552 [info] Got 1 verified sessions.
2025-01-02 17:21:05.552 [info] Got 1 sessions for ...
2025-01-02 17:21:05.552 [info] Got 1 sessions for user:email...
2025-01-02 17:21:05.552 [info] Got 1 sessions for user:email...
2025-01-02 17:21:05.559 [info] Getting sessions for all scopes...
2025-01-02 17:21:05.559 [info] Got 1 sessions for ...
2025-01-02 17:21:05.560 [info] Getting sessions for all scopes...
2025-01-02 17:21:05.560 [info] Got 1 sessions for ...
2025-01-02 17:21:05.560 [info] Getting sessions for project,read:org,read:user,repo,user:email,workflow...
2025-01-02 17:21:05.560 [info] Got 0 sessions for project,read:org,read:user,repo,user:email,workflow...
2025-01-02 17:21:05.560 [info] Getting sessions for read:user,repo,user:email,workflow...
2025-01-02 17:21:05.560 [info] Got 0 sessions for read:user,repo,user:email,workflow...
2025-01-02 17:21:05.560 [info] Getting sessions for read:user,repo,user:email,workflow...
2025-01-02 17:21:05.560 [info] Got 0 sessions for read:user,repo,user:email,workflow...
2025-01-02 17:21:05.560 [info] Getting sessions for read:user,repo,user:email,workflow...
2025-01-02 17:21:05.560 [info] Got 0 sessions for read:user,repo,user:email,workflow...
2025-01-02 17:21:05.565 [info] Getting sessions for read:user,repo,user:email,workflow...
2025-01-02 17:21:05.565 [info] Got 0 sessions for read:user,repo,user:email,workflow...
2025-01-02 17:21:05.565 [info] Getting sessions for read:user,repo,user:email,workflow...
2025-01-02 17:21:05.565 [info] Got 0 sessions for read:user,repo,user:email,workflow...
2025-01-02 17:21:05.565 [info] Getting sessions for read:user...
2025-01-02 17:21:05.565 [info] Got 0 sessions for read:user...
2025-01-02 17:21:05.567 [info] Getting sessions for user:email...
2025-01-02 17:21:05.567 [info] Got 1 sessions for user:email...
2025-01-02 17:21:05.567 [info] Getting sessions for read:user,repo,user:email...
2025-01-02 17:21:05.567 [info] Got 0 sessions for read:user,repo,user:email...
2025-01-02 17:21:05.567 [info] Getting sessions for user:email...
2025-01-02 17:21:05.567 [info] Got 1 sessions for user:email...
2025-01-02 17:21:05.607 [info] Getting sessions for all scopes...
2025-01-02 17:21:05.607 [info] Got 1 sessions for ...
2025-01-02 17:21:05.608 [info] Getting sessions for read:user,repo,user:email,workflow...
2025-01-02 17:21:05.608 [info] Got 0 sessions for read:user,repo,user:email,workflow...
2025-01-02 17:21:05.609 [info] Getting sessions for read:user,repo,user:email,workflow...
2025-01-02 17:21:05.609 [info] Got 0 sessions for read:user,repo,user:email,workflow...
2025-01-02 17:21:05.610 [info] Getting sessions for project,read:org,read:user,repo,user:email,workflow...
2025-01-02 17:21:05.610 [info] Got 0 sessions for project,read:org,read:user,repo,user:email,workflow...
2025-01-02 17:21:05.611 [info] Getting sessions for user:email...
2025-01-02 17:21:05.611 [info] Got 1 sessions for user:email...
2025-01-02 17:21:05.611 [info] Getting sessions for read:user,repo,user:email,workflow...
2025-01-02 17:21:05.611 [info] Got 0 sessions for read:user,repo,user:email,workflow...
2025-01-02 17:21:05.612 [info] Getting sessions for all scopes...
2025-01-02 17:21:05.612 [info] Got 1 sessions for ...
2025-01-02 17:21:05.613 [info] Getting sessions for read:user,repo,user:email...
2025-01-02 17:21:05.613 [info] Got 0 sessions for read:user,repo,user:email...
2025-01-02 17:21:05.614 [info] Getting sessions for read:user,repo,user:email,workflow...
2025-01-02 17:21:05.614 [info] Got 0 sessions for read:user,repo,user:email,workflow...
2025-01-02 17:21:05.614 [info] Getting sessions for read:user,repo,user:email,workflow...
2025-01-02 17:21:05.614 [info] Got 0 sessions for read:user,repo,user:email,workflow...
2025-01-02 17:21:05.642 [info] Getting sessions for user:email...
2025-01-02 17:21:05.642 [info] Got 1 sessions for user:email...
2025-01-02 17:21:06.414 [info] Getting sessions for all scopes...
2025-01-02 17:21:06.414 [info] Got 1 sessions for ...
2025-01-02 17:21:06.414 [info] Getting sessions for all scopes...
2025-01-02 17:21:06.414 [info] Got 1 sessions for ...
2025-01-02 17:21:06.432 [info] Getting sessions for read:user,repo,user:email,workflow...
2025-01-02 17:21:06.432 [info] Got 0 sessions for read:user,repo,user:email,workflow...
2025-01-02 17:21:06.434 [info] Getting sessions for user:email...
2025-01-02 17:21:06.434 [info] Got 1 sessions for user:email...
2025-01-02 17:21:06.436 [info] Getting sessions for all scopes...
2025-01-02 17:21:06.436 [info] Got 1 sessions for ...
2025-01-02 17:21:06.438 [info] Getting sessions for read:user,repo,user:email,workflow...
2025-01-02 17:21:06.438 [info] Got 0 sessions for read:user,repo,user:email,workflow...
2025-01-02 17:21:06.440 [info] Getting sessions for user:email...
2025-01-02 17:21:06.440 [info] Got 1 sessions for user:email...
2025-01-02 17:21:06.546 [info] Getting sessions for all scopes...
2025-01-02 17:21:06.546 [info] Got 1 sessions for ...
2025-01-02 17:21:06.577 [info] Getting sessions for read:user,repo,user:email,workflow...
2025-01-02 17:21:06.577 [info] Got 0 sessions for read:user,repo,user:email,workflow...
2025-01-02 17:21:06.582 [info] Getting sessions for user:email...
2025-01-02 17:21:06.582 [info] Got 1 sessions for user:email...
2025-01-02 17:21:06.588 [info] Getting sessions for all scopes...
2025-01-02 17:21:06.588 [info] Got 1 sessions for ...
2025-01-02 17:21:06.589 [info] Getting sessions for read:user,repo,user:email,workflow...
2025-01-02 17:21:06.589 [info] Got 0 sessions for read:user,repo,user:email,workflow...
2025-01-02 17:21:06.590 [info] Getting sessions for user:email...
2025-01-02 17:21:06.590 [info] Got 1 sessions for user:email...
2025-01-02 17:21:06.872 [info] Getting sessions for all scopes...
2025-01-02 17:21:06.872 [info] Got 1 sessions for ...
2025-01-02 17:21:06.876 [info] Getting sessions for read:user,repo,user:email,workflow...
2025-01-02 17:21:06.876 [info] Got 0 sessions for read:user,repo,user:email,workflow...
2025-01-02 17:21:06.881 [info] Getting sessions for all scopes...
2025-01-02 17:21:06.881 [info] Got 1 sessions for ...
2025-01-02 17:21:06.884 [info] Getting sessions for read:user,repo,user:email,workflow...
2025-01-02 17:21:06.884 [info] Got 0 sessions for read:user,repo,user:email,workflow...
2025-01-02 17:21:19.215 [info] Logging in with 'any' account...
2025-01-02 17:21:19.215 [info] Logging in for the following scopes: read:user repo user:email workflow
2025-01-02 17:21:19.232 [info] Trying without local server... (read:user repo user:email workflow)
2025-01-02 17:21:34.123 [info] Exchanging code for token...
2025-01-02 17:21:34.568 [info] Token exchange success!
2025-01-02 17:21:34.569 [info] Getting user info...
2025-01-02 17:21:34.978 [info] Got account info!
2025-01-02 17:21:34.978 [info] Storing 2 sessions...
2025-01-02 17:21:34.980 [info] Reading sessions from keychain...
2025-01-02 17:21:34.980 [info] Stored 2 sessions!
2025-01-02 17:21:34.980 [info] Login success!
2025-01-02 17:21:34.981 [info] Getting sessions for all scopes...
2025-01-02 17:21:34.983 [info] Getting sessions for user:email...
2025-01-02 17:21:34.984 [info] Got stored sessions!
2025-01-02 17:21:34.984 [info] Got 2 verified sessions.
2025-01-02 17:21:34.984 [info] Got 2 sessions for ...
2025-01-02 17:21:34.984 [info] Got 1 sessions for user:email...
2025-01-02 17:21:34.984 [info] Getting sessions for all scopes...
2025-01-02 17:21:34.984 [info] Got 2 sessions for ...
2025-01-02 17:21:34.985 [info] Getting sessions for user:email...
2025-01-02 17:21:34.985 [info] Got 1 sessions for user:email...
2025-01-02 17:21:34.988 [info] Getting sessions for all scopes...
2025-01-02 17:21:34.988 [info] Got 2 sessions for ...
2025-01-02 17:21:34.988 [info] Getting sessions for all scopes...
2025-01-02 17:21:34.988 [info] Got 2 sessions for ...
2025-01-02 17:21:34.988 [info] Getting sessions for project,read:org,read:user,repo,user:email,workflow...
2025-01-02 17:21:34.988 [info] Got 0 sessions for project,read:org,read:user,repo,user:email,workflow...
2025-01-02 17:21:34.988 [info] Getting sessions for read:user,repo,user:email,workflow...
2025-01-02 17:21:34.988 [info] Got 1 sessions for read:user,repo,user:email,workflow...
2025-01-02 17:21:34.989 [info] Getting sessions for read:user,repo,user:email,workflow...
2025-01-02 17:21:34.989 [info] Got 1 sessions for read:user,repo,user:email,workflow...
2025-01-02 17:21:34.989 [info] Getting sessions for read:user,repo,user:email,workflow...
2025-01-02 17:21:34.989 [info] Got 1 sessions for read:user,repo,user:email,workflow...
2025-01-02 17:21:35.065 [info] Getting sessions for read:user,repo,user:email,workflow...
2025-01-02 17:21:35.065 [info] Got 1 sessions for read:user,repo,user:email,workflow...
2025-01-02 17:21:35.065 [info] Getting sessions for read:user,repo,user:email,workflow...
2025-01-02 17:21:35.065 [info] Got 1 sessions for read:user,repo,user:email,workflow...
2025-01-02 17:21:35.157 [info] Getting sessions for all scopes...
2025-01-02 17:21:35.157 [info] Got 2 sessions for ...
2025-01-02 17:21:35.160 [info] Getting sessions for read:user,repo,user:email,workflow...
2025-01-02 17:21:35.160 [info] Got 1 sessions for read:user,repo,user:email,workflow...
2025-01-02 17:21:35.180 [info] Getting sessions for all scopes...
2025-01-02 17:21:35.180 [info] Got 2 sessions for ...
2025-01-02 17:21:35.182 [info] Getting sessions for read:user,repo,user:email,workflow...
2025-01-02 17:21:35.182 [info] Got 1 sessions for read:user,repo,user:email,workflow...
2025-01-02 17:21:35.474 [info] Getting sessions for read:user,repo,user:email,workflow...
2025-01-02 17:21:35.474 [info] Got 1 sessions for read:user,repo,user:email,workflow...
2025-01-02 17:21:35.537 [info] Getting sessions for read:user,repo,user:email,workflow...
2025-01-02 17:21:35.537 [info] Got 1 sessions for read:user,repo,user:email,workflow...
2025-01-02 17:21:36.050 [info] Getting sessions for all scopes...
2025-01-02 17:21:36.050 [info] Got 2 sessions for ...
2025-01-02 17:21:36.051 [info] Getting sessions for all scopes...
2025-01-02 17:21:36.051 [info] Got 2 sessions for ...
2025-01-02 17:21:36.053 [info] Getting sessions for read:user,repo,user:email,workflow...
2025-01-02 17:21:36.053 [info] Got 1 sessions for read:user,repo,user:email,workflow...
2025-01-02 17:21:36.057 [info] Getting sessions for all scopes...
2025-01-02 17:21:36.057 [info] Got 2 sessions for ...
2025-01-02 17:21:36.059 [info] Getting sessions for read:user,repo,user:email,workflow...
2025-01-02 17:21:36.059 [info] Got 1 sessions for read:user,repo,user:email,workflow...
2025-01-02 17:21:36.063 [info] Getting sessions for all scopes...
2025-01-02 17:21:36.063 [info] Got 2 sessions for ...
2025-01-02 17:21:36.066 [info] Getting sessions for read:user,repo,user:email,workflow...
2025-01-02 17:21:36.067 [info] Got 1 sessions for read:user,repo,user:email,workflow...
2025-01-02 17:21:49.703 [info] Getting sessions for all scopes...
2025-01-02 17:21:49.703 [info] Got 2 sessions for ...
2025-01-02 17:21:49.704 [info] Getting sessions for read:user,repo,user:email,workflow...
2025-01-02 17:21:49.704 [info] Got 1 sessions for read:user,repo,user:email,workflow...
2025-01-02 17:21:51.524 [info] Getting sessions for all scopes...
2025-01-02 17:21:51.524 [info] Got 2 sessions for ...
2025-01-02 17:21:51.532 [info] Getting sessions for read:user,repo,user:email,workflow...
2025-01-02 17:21:51.532 [info] Got 1 sessions for read:user,repo,user:email,workflow...
2025-01-02 17:21:59.587 [info] Getting sessions for all scopes...
2025-01-02 17:21:59.587 [info] Got 2 sessions for ...
2025-01-02 17:21:59.604 [info] Getting sessions for read:user,repo,user:email,workflow...
2025-01-02 17:21:59.604 [info] Got 1 sessions for read:user,repo,user:email,workflow...
2025-01-02 17:22:01.328 [info] Getting sessions for all scopes...
2025-01-02 17:22:01.328 [info] Got 2 sessions for ...
2025-01-02 17:22:01.337 [info] Getting sessions for read:user,repo,user:email,workflow...
2025-01-02 17:22:01.337 [info] Got 1 sessions for read:user,repo,user:email,workflow...
2025-01-02 17:22:11.229 [info] Getting sessions for all scopes...
2025-01-02 17:22:11.229 [info] Got 2 sessions for ...
2025-01-02 17:22:11.231 [info] Getting sessions for read:user,repo,user:email,workflow...
2025-01-02 17:22:11.231 [info] Got 1 sessions for read:user,repo,user:email,workflow...
2025-01-02 17:22:13.114 [info] Getting sessions for all scopes...
2025-01-02 17:22:13.114 [info] Got 2 sessions for ...
2025-01-02 17:22:13.124 [info] Getting sessions for read:user,repo,user:email,workflow...
2025-01-02 17:22:13.124 [info] Got 1 sessions for read:user,repo,user:email,workflow...
2025-01-02 17:22:34.670 [info] Getting sessions for all scopes...
2025-01-02 17:22:34.670 [info] Got 2 sessions for ...
2025-01-02 17:22:34.672 [info] Getting sessions for read:user,repo,user:email,workflow...
2025-01-02 17:22:34.672 [info] Got 1 sessions for read:user,repo,user:email,workflow...
2025-01-02 17:22:39.723 [info] Getting sessions for all scopes...
2025-01-02 17:22:39.723 [info] Got 2 sessions for ...
2025-01-02 17:22:39.730 [info] Getting sessions for read:user,repo,user:email,workflow...
2025-01-02 17:22:39.730 [info] Got 1 sessions for read:user,repo,user:email,workflow...
2025-01-02 17:23:04.731 [info] Getting sessions for all scopes...
2025-01-02 17:23:04.731 [info] Got 2 sessions for ...
2025-01-02 17:23:04.733 [info] Getting sessions for read:user,repo,user:email,workflow...
2025-01-02 17:23:04.733 [info] Got 1 sessions for read:user,repo,user:email,workflow...
2025-01-02 17:23:07.407 [info] Getting sessions for all scopes...
2025-01-02 17:23:07.407 [info] Got 2 sessions for ...
2025-01-02 17:23:07.416 [info] Getting sessions for read:user,repo,user:email,workflow...
2025-01-02 17:23:07.416 [info] Got 1 sessions for read:user,repo,user:email,workflow...
2025-01-02 17:23:27.650 [info] Getting sessions for all scopes...
2025-01-02 17:23:27.650 [info] Got 2 sessions for ...
2025-01-02 17:23:27.655 [info] Getting sessions for read:user,repo,user:email,workflow...
2025-01-02 17:23:27.655 [info] Got 1 sessions for read:user,repo,user:email,workflow...
2025-01-02 17:23:28.358 [info] Getting sessions for all scopes...
2025-01-02 17:23:28.358 [info] Got 2 sessions for ...
2025-01-02 17:23:28.362 [info] Getting sessions for read:user,repo,user:email,workflow...
2025-01-02 17:23:28.362 [info] Got 1 sessions for read:user,repo,user:email,workflow...
2025-01-02 17:23:28.386 [info] Getting sessions for all scopes...
2025-01-02 17:23:28.386 [info] Got 2 sessions for ...
2025-01-02 17:23:28.387 [info] Getting sessions for all scopes...
2025-01-02 17:23:28.387 [info] Got 2 sessions for ...
2025-01-02 17:23:28.388 [info] Getting sessions for all scopes...
2025-01-02 17:23:28.388 [info] Got 2 sessions for ...
2025-01-02 17:23:28.427 [info] Getting sessions for read:user,repo,user:email,workflow...
2025-01-02 17:23:28.427 [info] Got 1 sessions for read:user,repo,user:email,workflow...
2025-01-02 17:23:29.266 [info] Getting sessions for all scopes...
2025-01-02 17:23:29.266 [info] Got 2 sessions for ...
2025-01-02 17:23:29.268 [info] Getting sessions for read:user,repo,user:email,workflow...
2025-01-02 17:23:29.268 [info] Got 1 sessions for read:user,repo,user:email,workflow...
2025-01-02 17:23:29.641 [info] Getting sessions for all scopes...
2025-01-02 17:23:29.641 [info] Got 2 sessions for ...
2025-01-02 17:23:29.643 [info] Getting sessions for read:user,repo,user:email,workflow...
2025-01-02 17:23:29.643 [info] Got 1 sessions for read:user,repo,user:email,workflow...
2025-01-02 17:23:44.898 [info] Getting sessions for all scopes...
2025-01-02 17:23:44.898 [info] Got 2 sessions for ...
2025-01-02 17:23:44.913 [info] Getting sessions for read:user,repo,user:email,workflow...
2025-01-02 17:23:44.913 [info] Got 1 sessions for read:user,repo,user:email,workflow...
2025-01-02 17:23:45.517 [info] Getting sessions for all scopes...
2025-01-02 17:23:45.517 [info] Got 2 sessions for ...
2025-01-02 17:23:45.564 [info] Getting sessions for read:user,repo,user:email,workflow...
2025-01-02 17:23:45.564 [info] Got 1 sessions for read:user,repo,user:email,workflow...
2025-01-02 17:23:45.829 [info] Getting sessions for all scopes...
2025-01-02 17:23:45.829 [info] Got 2 sessions for ...
2025-01-02 17:23:45.832 [info] Getting sessions for read:user,repo,user:email,workflow...
2025-01-02 17:23:45.832 [info] Got 1 sessions for read:user,repo,user:email,workflow...
2025-01-02 17:23:55.604 [info] Getting sessions for all scopes...
2025-01-02 17:23:55.605 [info] Got 2 sessions for ...
2025-01-02 17:23:55.610 [info] Getting sessions for read:user,repo,user:email,workflow...
2025-01-02 17:23:55.610 [info] Got 1 sessions for read:user,repo,user:email,workflow...
2025-01-02 17:23:58.276 [info] Getting sessions for all scopes...
2025-01-02 17:23:58.276 [info] Got 2 sessions for ...
2025-01-02 17:23:58.306 [info] Getting sessions for read:user,repo,user:email,workflow...
2025-01-02 17:23:58.306 [info] Got 1 sessions for read:user,repo,user:email,workflow...
2025-01-02 17:36:36.073 [info] Getting sessions for all scopes...
2025-01-02 17:36:36.073 [info] Got 2 sessions for ...
2025-01-02 17:36:36.074 [info] Getting sessions for read:user,repo,user:email,workflow...
2025-01-02 17:36:36.074 [info] Got 1 sessions for read:user,repo,user:email,workflow...
2025-01-02 17:36:36.075 [info] Getting sessions for all scopes...
2025-01-02 17:36:36.075 [info] Got 2 sessions for ...
2025-01-02 17:36:36.076 [info] Getting sessions for read:user,repo,user:email,workflow...
2025-01-02 17:36:36.076 [info] Got 1 sessions for read:user,repo,user:email,workflow...
2025-01-02 17:46:06.091 [info] Getting sessions for read:user,repo,user:email,workflow...
2025-01-02 17:46:06.091 [info] Got 1 sessions for read:user,repo,user:email,workflow...
2025-01-02 17:46:36.036 [info] Getting sessions for all scopes...
2025-01-02 17:46:36.036 [info] Got 2 sessions for ...
2025-01-02 17:46:36.038 [info] Getting sessions for read:user,repo,user:email,workflow...
2025-01-02 17:46:36.038 [info] Got 1 sessions for read:user,repo,user:email,workflow...
2025-01-02 17:46:36.835 [info] Getting sessions for all scopes...
2025-01-02 17:46:36.835 [info] Got 2 sessions for ...
2025-01-02 17:46:36.835 [info] Getting sessions for all scopes...
2025-01-02 17:46:36.835 [info] Got 2 sessions for ...
2025-01-02 17:46:36.839 [info] Getting sessions for read:user,repo,user:email,workflow...
2025-01-02 17:46:36.839 [info] Got 1 sessions for read:user,repo,user:email,workflow...
2025-01-02 17:46:36.844 [info] Getting sessions for all scopes...
2025-01-02 17:46:36.844 [info] Got 2 sessions for ...
2025-01-02 17:46:36.848 [info] Getting sessions for read:user,repo,user:email,workflow...
2025-01-02 17:46:36.848 [info] Got 1 sessions for read:user,repo,user:email,workflow...
2025-01-02 17:46:36.858 [info] Getting sessions for all scopes...
2025-01-02 17:46:36.858 [info] Got 2 sessions for ...
2025-01-02 17:46:36.860 [info] Getting sessions for read:user,repo,user:email,workflow...
2025-01-02 17:46:36.860 [info] Got 1 sessions for read:user,repo,user:email,workflow...
